#
# There is insufficient memory for the Java Runtime Environment to continue.
# Native memory allocation (mmap) failed to map 216006656 bytes for G1 virtual space
# Possible reasons:
#   The system is out of physical RAM or swap space
#   The process is running with CompressedOops enabled, and the Java Heap may be blocking the growth of the native heap
# Possible solutions:
#   Reduce memory load on the system
#   Increase physical memory or swap space
#   Check if swap backing store is full
#   Decrease Java heap size (-Xmx/-Xms)
#   Decrease number of Java threads
#   Decrease Java thread stack sizes (-Xss)
#   Set larger code cache with -XX:ReservedCodeCacheSize=
#   JVM is running with Unscaled Compressed Oops mode in which the Java heap is
#     placed in the first 4GB address space. The Java Heap base address is the
#     maximum limit for the native heap growth. Please use -XX:HeapBaseMinAddress
#     to set the Java Heap base and to place the Java Heap above 4GB virtual address.
# This output file may be truncated or incomplete.
#
#  Out of Memory Error (os_windows.cpp:3466), pid=3084, tid=1432
#
# JRE version: Java(TM) SE Runtime Environment (16.0.2+7) (build 16.0.2+7-67)
# Java VM: Java HotSpot(TM) 64-Bit Server VM (16.0.2+7-67, mixed mode, sharing, tiered, compressed oops, compressed class ptrs, g1 gc, windows-amd64)
# No core dump will be written. Minidumps are not enabled by default on client versions of Windows
#

---------------  S U M M A R Y ------------

Command Line: ventana.VentanaIniciarSesion

Host: Intel(R) Core(TM) i5-3330 CPU @ 3.00GHz, 4 cores, 3G,  Windows 10 , 64 bit Build 17763 (10.0.17763.1)
Time: Sat Aug  7 20:39:45 2021 Hora est. Pacífico, Sudamérica elapsed time: 12.105500 seconds (0d 0h 0m 12s)

---------------  T H R E A D  ---------------

Current thread (0x000001b8ad04b900):  VMThread "VM Thread" [stack: 0x000000290e300000,0x000000290e400000] [id=1432]

Stack: [0x000000290e300000,0x000000290e400000]
Native frames: (J=compiled Java code, j=interpreted, Vv=VM code, C=native code)
V  [jvm.dll+0x6681ca]
V  [jvm.dll+0x7c9e69]
V  [jvm.dll+0x7cb61e]
V  [jvm.dll+0x7cbc73]
V  [jvm.dll+0x242c55]
V  [jvm.dll+0x664f89]
V  [jvm.dll+0x659b75]
V  [jvm.dll+0x2fbfbb]
V  [jvm.dll+0x3031b6]
V  [jvm.dll+0x35299e]
V  [jvm.dll+0x352bcf]
V  [jvm.dll+0x2d3028]
V  [jvm.dll+0x2d0bb5]
V  [jvm.dll+0x2d01ec]
V  [jvm.dll+0x3152d2]
V  [jvm.dll+0x7d00ab]
V  [jvm.dll+0x7d0da4]
V  [jvm.dll+0x7d12a9]
V  [jvm.dll+0x7d1564]
V  [jvm.dll+0x7d1630]
V  [jvm.dll+0x7795aa]
V  [jvm.dll+0x667066]
C  [ucrtbase.dll+0x203ba]
C  [KERNEL32.DLL+0x17e94]
C  [ntdll.dll+0x67ad1]

VM_Operation (0x000000290f3fe100): G1CollectForAllocation, mode: safepoint, requested by thread 0x000001b8c8ec3b40


---------------  P R O C E S S  ---------------

Threads class SMR info:
_java_thread_list=0x000001b8cc57ecd0, length=19, elements={
0x000001b8ad050470, 0x000001b8ad051240, 0x000001b8c8090fa0, 0x000001b8c8093dc0,
0x000001b8c80946d0, 0x000001b8c8096ff0, 0x000001b8c80a57c0, 0x000001b8c80ae1d0,
0x000001b8c80b8730, 0x000001b8c8c6ec50, 0x000001b8c8c774a0, 0x000001b8c8e826b0,
0x000001b8c8e82bd0, 0x000001b8c8e830f0, 0x000001b8c8ec3b40, 0x000001b8acf93f40,
0x000001b8ca467d60, 0x000001b8cc57d010, 0x000001b8cc37b300
}

Java Threads: ( => current thread )
  0x000001b8ad050470 JavaThread "Reference Handler" daemon [_thread_blocked, id=940, stack(0x000000290e400000,0x000000290e500000)]
  0x000001b8ad051240 JavaThread "Finalizer" daemon [_thread_blocked, id=4216, stack(0x000000290e500000,0x000000290e600000)]
  0x000001b8c8090fa0 JavaThread "Signal Dispatcher" daemon [_thread_blocked, id=4340, stack(0x000000290e600000,0x000000290e700000)]
  0x000001b8c8093dc0 JavaThread "Attach Listener" daemon [_thread_blocked, id=5984, stack(0x000000290e700000,0x000000290e800000)]
  0x000001b8c80946d0 JavaThread "Service Thread" daemon [_thread_blocked, id=4604, stack(0x000000290e800000,0x000000290e900000)]
  0x000001b8c8096ff0 JavaThread "Monitor Deflation Thread" daemon [_thread_blocked, id=4480, stack(0x000000290e900000,0x000000290ea00000)]
  0x000001b8c80a57c0 JavaThread "C2 CompilerThread0" daemon [_thread_blocked, id=4700, stack(0x000000290ea00000,0x000000290eb00000)]
  0x000001b8c80ae1d0 JavaThread "C1 CompilerThread0" daemon [_thread_blocked, id=5972, stack(0x000000290eb00000,0x000000290ec00000)]
  0x000001b8c80b8730 JavaThread "Sweeper thread" daemon [_thread_blocked, id=5364, stack(0x000000290ec00000,0x000000290ed00000)]
  0x000001b8c8c6ec50 JavaThread "Notification Thread" daemon [_thread_blocked, id=5716, stack(0x000000290ed00000,0x000000290ee00000)]
  0x000001b8c8c774a0 JavaThread "Common-Cleaner" daemon [_thread_blocked, id=5144, stack(0x000000290ef00000,0x000000290f000000)]
  0x000001b8c8e826b0 JavaThread "Java2D Disposer" daemon [_thread_blocked, id=4308, stack(0x000000290f000000,0x000000290f100000)]
  0x000001b8c8e82bd0 JavaThread "AWT-Shutdown" [_thread_blocked, id=2400, stack(0x000000290f100000,0x000000290f200000)]
  0x000001b8c8e830f0 JavaThread "AWT-Windows" daemon [_thread_in_native, id=1824, stack(0x000000290f200000,0x000000290f300000)]
  0x000001b8c8ec3b40 JavaThread "AWT-EventQueue-0" [_thread_blocked, id=5196, stack(0x000000290f300000,0x000000290f400000)]
  0x000001b8acf93f40 JavaThread "DestroyJavaVM" [_thread_blocked, id=4364, stack(0x000000290dd00000,0x000000290de00000)]
  0x000001b8ca467d60 JavaThread "TimerQueue" daemon [_thread_blocked, id=5404, stack(0x000000290f800000,0x000000290f900000)]
  0x000001b8cc57d010 JavaThread "Image Fetcher 0" daemon [_thread_blocked, id=3588, stack(0x000000290fc00000,0x000000290fd00000)]
  0x000001b8cc37b300 JavaThread "C2 CompilerThread1" daemon [_thread_blocked, id=5924, stack(0x000000290fd00000,0x000000290fe00000)]

Other Threads:
=>0x000001b8ad04b900 VMThread "VM Thread" [stack: 0x000000290e300000,0x000000290e400000] [id=1432]
  0x000001b8c8c751a0 WatcherThread [stack: 0x000000290ee00000,0x000000290ef00000] [id=72]
  0x000001b8acfbde30 GCTaskThread "GC Thread#0" [stack: 0x000000290de00000,0x000000290df00000] [id=1168]
  0x000001b8c8ff05d0 GCTaskThread "GC Thread#1" [stack: 0x000000290f400000,0x000000290f500000] [id=1388]
  0x000001b8c8ff08e0 GCTaskThread "GC Thread#2" [stack: 0x000000290f900000,0x000000290fa00000] [id=5140]
  0x000001b8c8ff0bf0 GCTaskThread "GC Thread#3" [stack: 0x000000290fa00000,0x000000290fb00000] [id=5508]
  0x000001b8acfc7b50 ConcurrentGCThread "G1 Main Marker" [stack: 0x000000290df00000,0x000000290e000000] [id=2076]
  0x000001b8acfc9110 ConcurrentGCThread "G1 Conc#0" [stack: 0x000000290e000000,0x000000290e100000] [id=6132]
  0x000001b8ad018b70 ConcurrentGCThread "G1 Refine#0" [stack: 0x000000290e100000,0x000000290e200000] [id=4920]
  0x000001b8c8f9a6c0 ConcurrentGCThread "G1 Refine#1" [stack: 0x000000290fb00000,0x000000290fc00000] [id=1548]
  0x000001b8ca2137e0 ConcurrentGCThread "G1 Refine#2" [stack: 0x000000290fe00000,0x000000290ff00000] [id=344]
  0x000001b8cc1abf60 ConcurrentGCThread "G1 Refine#3" [stack: 0x000000290ff00000,0x0000002910000000] [id=5884]
  0x000001b8ad019580 ConcurrentGCThread "G1 Service" [stack: 0x000000290e200000,0x000000290e300000] [id=68]

Threads with active compile tasks:

VM state: at safepoint (normal execution)

VM Mutex/Monitor currently owned by a thread:  ([mutex/lock_event])
[0x000001b8acf90d70] Threads_lock - owner thread: 0x000001b8ad04b900
[0x000001b8acf8fff0] Heap_lock - owner thread: 0x000001b8c8ec3b40

Heap address: 0x00000000c1a00000, size: 998 MB, Compressed Oops mode: 32-bit

CDS archive(s) mapped at: [0x0000000800000000-0x0000000800bb0000-0x0000000800bb0000), size 12255232, SharedBaseAddress: 0x0000000800000000, ArchiveRelocationMode: 0.
Compressed class space mapped at: 0x0000000800c00000-0x0000000840c00000, reserved size: 1073741824
Narrow klass base: 0x0000000800000000, Narrow klass shift: 3, Narrow klass range: 0x100000000

GC Precious Log:
 CPUs: 4 total, 4 available
 Memory: 3991M
 Large Page Support: Disabled
 NUMA Support: Disabled
 Compressed Oops: Enabled (32-bit)
 Heap Region Size: 1M
 Heap Min Capacity: 8M
 Heap Initial Capacity: 64M
 Heap Max Capacity: 998M
 Pre-touch: Disabled
 Parallel Workers: 4
 Concurrent Workers: 1
 Concurrent Refinement Workers: 4
 Periodic GC: Disabled

Heap:
 garbage-first heap   total 227328K, used 159744K [0x00000000c1a00000, 0x0000000100000000)
  region size 1024K, 4 young (4096K), 4 survivors (4096K)
 Metaspace       used 12827K, committed 12992K, reserved 1064960K
  class space    used 1471K, committed 1536K, reserved 1048576K

Heap Regions: E=young(eden), S=young(survivor), O=old, HS=humongous(starts), HC=humongous(continues), CS=collection set, F=free, OA=open archive, CA=closed archive, TAMS=top-at-mark-start (previous, next)
|   0|0x00000000c1a00000, 0x00000000c1b00000, 0x00000000c1b00000|100%| O|  |TAMS 0x00000000c1a00000, 0x00000000c1b00000| Untracked 
|   1|0x00000000c1b00000, 0x00000000c1c00000, 0x00000000c1c00000|100%| O|  |TAMS 0x00000000c1b00000, 0x00000000c1c00000| Untracked 
|   2|0x00000000c1c00000, 0x00000000c1d00000, 0x00000000c1d00000|100%| O|  |TAMS 0x00000000c1d00000, 0x00000000c1d00000| Untracked 
|   3|0x00000000c1d00000, 0x00000000c1e00000, 0x00000000c1e00000|100%|HS|  |TAMS 0x00000000c1e00000, 0x00000000c1e00000| Complete 
|   4|0x00000000c1e00000, 0x00000000c1f00000, 0x00000000c1f00000|100%|HC|  |TAMS 0x00000000c1f00000, 0x00000000c1f00000| Complete 
|   5|0x00000000c1f00000, 0x00000000c2000000, 0x00000000c2000000|100%| O|  |TAMS 0x00000000c2000000, 0x00000000c2000000| Untracked 
|   6|0x00000000c2000000, 0x00000000c2100000, 0x00000000c2100000|100%| O|  |TAMS 0x00000000c2100000, 0x00000000c2100000| Untracked 
|   7|0x00000000c2100000, 0x00000000c2200000, 0x00000000c2200000|100%| O|  |TAMS 0x00000000c2200000, 0x00000000c2200000| Untracked 
|   8|0x00000000c2200000, 0x00000000c2300000, 0x00000000c2300000|100%| O|  |TAMS 0x00000000c2300000, 0x00000000c2300000| Untracked 
|   9|0x00000000c2300000, 0x00000000c2400000, 0x00000000c2400000|100%| O|  |TAMS 0x00000000c2400000, 0x00000000c2400000| Untracked 
|  10|0x00000000c2400000, 0x00000000c2500000, 0x00000000c2500000|100%| O|  |TAMS 0x00000000c2500000, 0x00000000c2500000| Untracked 
|  11|0x00000000c2500000, 0x00000000c2600000, 0x00000000c2600000|100%| O|  |TAMS 0x00000000c2600000, 0x00000000c2600000| Untracked 
|  12|0x00000000c2600000, 0x00000000c2700000, 0x00000000c2700000|100%| O|  |TAMS 0x00000000c2700000, 0x00000000c2700000| Untracked 
|  13|0x00000000c2700000, 0x00000000c2800000, 0x00000000c2800000|100%| O|  |TAMS 0x00000000c2800000, 0x00000000c2800000| Untracked 
|  14|0x00000000c2800000, 0x00000000c2900000, 0x00000000c2900000|100%| O|  |TAMS 0x00000000c2900000, 0x00000000c2900000| Untracked 
|  15|0x00000000c2900000, 0x00000000c2a00000, 0x00000000c2a00000|100%| O|  |TAMS 0x00000000c2a00000, 0x00000000c2a00000| Untracked 
|  16|0x00000000c2a00000, 0x00000000c2b00000, 0x00000000c2b00000|100%| O|  |TAMS 0x00000000c2b00000, 0x00000000c2b00000| Untracked 
|  17|0x00000000c2b00000, 0x00000000c2c00000, 0x00000000c2c00000|100%| O|  |TAMS 0x00000000c2c00000, 0x00000000c2c00000| Untracked 
|  18|0x00000000c2c00000, 0x00000000c2d00000, 0x00000000c2d00000|100%| O|  |TAMS 0x00000000c2d00000, 0x00000000c2d00000| Untracked 
|  19|0x00000000c2d00000, 0x00000000c2e00000, 0x00000000c2e00000|100%| O|  |TAMS 0x00000000c2e00000, 0x00000000c2e00000| Untracked 
|  20|0x00000000c2e00000, 0x00000000c2f00000, 0x00000000c2f00000|100%|HS|  |TAMS 0x00000000c2f00000, 0x00000000c2f00000| Complete 
|  21|0x00000000c2f00000, 0x00000000c3000000, 0x00000000c3000000|100%| O|  |TAMS 0x00000000c3000000, 0x00000000c3000000| Untracked 
|  22|0x00000000c3000000, 0x00000000c3100000, 0x00000000c3100000|100%| O|  |TAMS 0x00000000c3100000, 0x00000000c3100000| Untracked 
|  23|0x00000000c3100000, 0x00000000c3200000, 0x00000000c3200000|100%| O|  |TAMS 0x00000000c3200000, 0x00000000c3200000| Untracked 
|  24|0x00000000c3200000, 0x00000000c3300000, 0x00000000c3300000|100%| O|  |TAMS 0x00000000c3300000, 0x00000000c3300000| Untracked 
|  25|0x00000000c3300000, 0x00000000c3400000, 0x00000000c3400000|100%| O|  |TAMS 0x00000000c3400000, 0x00000000c3400000| Untracked 
|  26|0x00000000c3400000, 0x00000000c3500000, 0x00000000c3500000|100%| O|  |TAMS 0x00000000c3500000, 0x00000000c3500000| Untracked 
|  27|0x00000000c3500000, 0x00000000c3600000, 0x00000000c3600000|100%| O|  |TAMS 0x00000000c3600000, 0x00000000c3600000| Untracked 
|  28|0x00000000c3600000, 0x00000000c3700000, 0x00000000c3700000|100%| O|  |TAMS 0x00000000c3700000, 0x00000000c3700000| Untracked 
|  29|0x00000000c3700000, 0x00000000c3800000, 0x00000000c3800000|100%| O|  |TAMS 0x00000000c3800000, 0x00000000c3800000| Untracked 
|  30|0x00000000c3800000, 0x00000000c3900000, 0x00000000c3900000|100%| O|  |TAMS 0x00000000c3800000, 0x00000000c3900000| Untracked 
|  31|0x00000000c3900000, 0x00000000c3a00000, 0x00000000c3a00000|100%| O|  |TAMS 0x00000000c3900000, 0x00000000c3a00000| Untracked 
|  32|0x00000000c3a00000, 0x00000000c3b00000, 0x00000000c3b00000|100%| O|  |TAMS 0x00000000c3a00000, 0x00000000c3b00000| Untracked 
|  33|0x00000000c3b00000, 0x00000000c3c00000, 0x00000000c3c00000|100%| O|  |TAMS 0x00000000c3b00000, 0x00000000c3c00000| Untracked 
|  34|0x00000000c3c00000, 0x00000000c3d00000, 0x00000000c3d00000|100%| O|  |TAMS 0x00000000c3c00000, 0x00000000c3d00000| Untracked 
|  35|0x00000000c3d00000, 0x00000000c3e00000, 0x00000000c3e00000|100%| O|  |TAMS 0x00000000c3d00000, 0x00000000c3e00000| Untracked 
|  36|0x00000000c3e00000, 0x00000000c3f00000, 0x00000000c3f00000|100%| O|  |TAMS 0x00000000c3e00000, 0x00000000c3f00000| Untracked 
|  37|0x00000000c3f00000, 0x00000000c4000000, 0x00000000c4000000|100%|HS|  |TAMS 0x00000000c3f00000, 0x00000000c4000000| Complete 
|  38|0x00000000c4000000, 0x00000000c4100000, 0x00000000c4100000|100%|HC|  |TAMS 0x00000000c4000000, 0x00000000c4100000| Complete 
|  39|0x00000000c4100000, 0x00000000c4200000, 0x00000000c4200000|100%| O|  |TAMS 0x00000000c4100000, 0x00000000c4200000| Untracked 
|  40|0x00000000c4200000, 0x00000000c4300000, 0x00000000c4300000|100%| O|  |TAMS 0x00000000c4200000, 0x00000000c4300000| Untracked 
|  41|0x00000000c4300000, 0x00000000c4400000, 0x00000000c4400000|100%| O|  |TAMS 0x00000000c4300000, 0x00000000c4400000| Untracked 
|  42|0x00000000c4400000, 0x00000000c4500000, 0x00000000c4500000|100%| O|  |TAMS 0x00000000c4400000, 0x00000000c4500000| Untracked 
|  43|0x00000000c4500000, 0x00000000c4600000, 0x00000000c4600000|100%| O|  |TAMS 0x00000000c4500000, 0x00000000c4600000| Untracked 
|  44|0x00000000c4600000, 0x00000000c4700000, 0x00000000c4700000|100%| O|  |TAMS 0x00000000c4600000, 0x00000000c4700000| Untracked 
|  45|0x00000000c4700000, 0x00000000c4800000, 0x00000000c4800000|100%| O|  |TAMS 0x00000000c4700000, 0x00000000c4800000| Untracked 
|  46|0x00000000c4800000, 0x00000000c4900000, 0x00000000c4900000|100%| O|  |TAMS 0x00000000c4800000, 0x00000000c4900000| Untracked 
|  47|0x00000000c4900000, 0x00000000c4a00000, 0x00000000c4a00000|100%|HS|  |TAMS 0x00000000c4900000, 0x00000000c4a00000| Complete 
|  48|0x00000000c4a00000, 0x00000000c4b00000, 0x00000000c4b00000|100%|HC|  |TAMS 0x00000000c4a00000, 0x00000000c4b00000| Complete 
|  49|0x00000000c4b00000, 0x00000000c4c00000, 0x00000000c4c00000|100%|HC|  |TAMS 0x00000000c4b00000, 0x00000000c4c00000| Complete 
|  50|0x00000000c4c00000, 0x00000000c4d00000, 0x00000000c4d00000|100%| O|  |TAMS 0x00000000c4c00000, 0x00000000c4d00000| Untracked 
|  51|0x00000000c4d00000, 0x00000000c4e00000, 0x00000000c4e00000|100%| O|  |TAMS 0x00000000c4d00000, 0x00000000c4e00000| Untracked 
|  52|0x00000000c4e00000, 0x00000000c4f00000, 0x00000000c4f00000|100%| O|  |TAMS 0x00000000c4e00000, 0x00000000c4f00000| Untracked 
|  53|0x00000000c4f00000, 0x00000000c5000000, 0x00000000c5000000|100%| O|  |TAMS 0x00000000c4f00000, 0x00000000c5000000| Untracked 
|  54|0x00000000c5000000, 0x00000000c5100000, 0x00000000c5100000|100%| O|  |TAMS 0x00000000c5000000, 0x00000000c5100000| Untracked 
|  55|0x00000000c5100000, 0x00000000c5200000, 0x00000000c5200000|100%| O|  |TAMS 0x00000000c5100000, 0x00000000c5200000| Untracked 
|  56|0x00000000c5200000, 0x00000000c5300000, 0x00000000c5300000|100%| O|  |TAMS 0x00000000c5200000, 0x00000000c5300000| Untracked 
|  57|0x00000000c5300000, 0x00000000c5400000, 0x00000000c5400000|100%| O|  |TAMS 0x00000000c5300000, 0x00000000c5400000| Untracked 
|  58|0x00000000c5400000, 0x00000000c5500000, 0x00000000c5500000|100%| O|  |TAMS 0x00000000c5400000, 0x00000000c5500000| Untracked 
|  59|0x00000000c5500000, 0x00000000c5600000, 0x00000000c5600000|100%| O|  |TAMS 0x00000000c5500000, 0x00000000c5600000| Untracked 
|  60|0x00000000c5600000, 0x00000000c5700000, 0x00000000c5700000|100%| O|  |TAMS 0x00000000c5600000, 0x00000000c5700000| Untracked 
|  61|0x00000000c5700000, 0x00000000c5800000, 0x00000000c5800000|100%| O|  |TAMS 0x00000000c5700000, 0x00000000c5800000| Untracked 
|  62|0x00000000c5800000, 0x00000000c5900000, 0x00000000c5900000|100%| O|  |TAMS 0x00000000c5800000, 0x00000000c5900000| Untracked 
|  63|0x00000000c5900000, 0x00000000c5a00000, 0x00000000c5a00000|100%| O|  |TAMS 0x00000000c5900000, 0x00000000c5a00000| Untracked 
|  64|0x00000000c5a00000, 0x00000000c5b00000, 0x00000000c5b00000|100%| O|  |TAMS 0x00000000c5a00000, 0x00000000c5b00000| Untracked 
|  65|0x00000000c5b00000, 0x00000000c5c00000, 0x00000000c5c00000|100%| O|  |TAMS 0x00000000c5b00000, 0x00000000c5c00000| Untracked 
|  66|0x00000000c5c00000, 0x00000000c5d00000, 0x00000000c5d00000|100%| O|  |TAMS 0x00000000c5c00000, 0x00000000c5d00000| Untracked 
|  67|0x00000000c5d00000, 0x00000000c5e00000, 0x00000000c5e00000|100%| O|  |TAMS 0x00000000c5d00000, 0x00000000c5e00000| Untracked 
|  68|0x00000000c5e00000, 0x00000000c5f00000, 0x00000000c5f00000|100%| O|  |TAMS 0x00000000c5e00000, 0x00000000c5f00000| Untracked 
|  69|0x00000000c5f00000, 0x00000000c6000000, 0x00000000c6000000|100%| O|  |TAMS 0x00000000c5f00000, 0x00000000c6000000| Untracked 
|  70|0x00000000c6000000, 0x00000000c6100000, 0x00000000c6100000|100%| O|  |TAMS 0x00000000c6000000, 0x00000000c6100000| Untracked 
|  71|0x00000000c6100000, 0x00000000c6200000, 0x00000000c6200000|100%| O|  |TAMS 0x00000000c6100000, 0x00000000c6200000| Untracked 
|  72|0x00000000c6200000, 0x00000000c6300000, 0x00000000c6300000|100%| O|  |TAMS 0x00000000c6200000, 0x00000000c6300000| Untracked 
|  73|0x00000000c6300000, 0x00000000c6400000, 0x00000000c6400000|100%| O|  |TAMS 0x00000000c6300000, 0x00000000c6400000| Untracked 
|  74|0x00000000c6400000, 0x00000000c6500000, 0x00000000c6500000|100%| O|  |TAMS 0x00000000c6400000, 0x00000000c6500000| Untracked 
|  75|0x00000000c6500000, 0x00000000c6600000, 0x00000000c6600000|100%| O|  |TAMS 0x00000000c6500000, 0x00000000c6600000| Untracked 
|  76|0x00000000c6600000, 0x00000000c6700000, 0x00000000c6700000|100%| O|  |TAMS 0x00000000c6600000, 0x00000000c6700000| Untracked 
|  77|0x00000000c6700000, 0x00000000c6800000, 0x00000000c6800000|100%| O|  |TAMS 0x00000000c6700000, 0x00000000c6800000| Untracked 
|  78|0x00000000c6800000, 0x00000000c6900000, 0x00000000c6900000|100%| O|  |TAMS 0x00000000c6800000, 0x00000000c6900000| Untracked 
|  79|0x00000000c6900000, 0x00000000c6a00000, 0x00000000c6a00000|100%| O|  |TAMS 0x00000000c6900000, 0x00000000c6a00000| Untracked 
|  80|0x00000000c6a00000, 0x00000000c6b00000, 0x00000000c6b00000|100%| O|  |TAMS 0x00000000c6a00000, 0x00000000c6b00000| Untracked 
|  81|0x00000000c6b00000, 0x00000000c6c00000, 0x00000000c6c00000|100%| O|  |TAMS 0x00000000c6b00000, 0x00000000c6c00000| Untracked 
|  82|0x00000000c6c00000, 0x00000000c6d00000, 0x00000000c6d00000|100%| O|  |TAMS 0x00000000c6c00000, 0x00000000c6d00000| Untracked 
|  83|0x00000000c6d00000, 0x00000000c6e00000, 0x00000000c6e00000|100%| O|  |TAMS 0x00000000c6d00000, 0x00000000c6e00000| Untracked 
|  84|0x00000000c6e00000, 0x00000000c6f00000, 0x00000000c6f00000|100%| O|  |TAMS 0x00000000c6e00000, 0x00000000c6f00000| Untracked 
|  85|0x00000000c6f00000, 0x00000000c7000000, 0x00000000c7000000|100%| O|  |TAMS 0x00000000c6f00000, 0x00000000c7000000| Untracked 
|  86|0x00000000c7000000, 0x00000000c7100000, 0x00000000c7100000|100%| O|  |TAMS 0x00000000c7000000, 0x00000000c7100000| Untracked 
|  87|0x00000000c7100000, 0x00000000c7200000, 0x00000000c7200000|100%| O|  |TAMS 0x00000000c7100000, 0x00000000c7200000| Untracked 
|  88|0x00000000c7200000, 0x00000000c7300000, 0x00000000c7300000|100%| O|  |TAMS 0x00000000c7200000, 0x00000000c7300000| Untracked 
|  89|0x00000000c7300000, 0x00000000c7400000, 0x00000000c7400000|100%| O|  |TAMS 0x00000000c7300000, 0x00000000c7400000| Untracked 
|  90|0x00000000c7400000, 0x00000000c7500000, 0x00000000c7500000|100%| O|  |TAMS 0x00000000c7400000, 0x00000000c7500000| Untracked 
|  91|0x00000000c7500000, 0x00000000c7600000, 0x00000000c7600000|100%| O|  |TAMS 0x00000000c7500000, 0x00000000c7600000| Untracked 
|  92|0x00000000c7600000, 0x00000000c7700000, 0x00000000c7700000|100%| O|  |TAMS 0x00000000c7600000, 0x00000000c7700000| Untracked 
|  93|0x00000000c7700000, 0x00000000c7800000, 0x00000000c7800000|100%| O|  |TAMS 0x00000000c7700000, 0x00000000c7800000| Untracked 
|  94|0x00000000c7800000, 0x00000000c7900000, 0x00000000c7900000|100%| O|  |TAMS 0x00000000c7800000, 0x00000000c7900000| Untracked 
|  95|0x00000000c7900000, 0x00000000c7a00000, 0x00000000c7a00000|100%| O|  |TAMS 0x00000000c7900000, 0x00000000c7a00000| Untracked 
|  96|0x00000000c7a00000, 0x00000000c7b00000, 0x00000000c7b00000|100%| O|  |TAMS 0x00000000c7a00000, 0x00000000c7b00000| Untracked 
|  97|0x00000000c7b00000, 0x00000000c7c00000, 0x00000000c7c00000|100%| O|  |TAMS 0x00000000c7b00000, 0x00000000c7c00000| Untracked 
|  98|0x00000000c7c00000, 0x00000000c7d00000, 0x00000000c7d00000|100%| O|  |TAMS 0x00000000c7c00000, 0x00000000c7d00000| Untracked 
|  99|0x00000000c7d00000, 0x00000000c7e00000, 0x00000000c7e00000|100%| O|  |TAMS 0x00000000c7d00000, 0x00000000c7e00000| Untracked 
| 100|0x00000000c7e00000, 0x00000000c7f00000, 0x00000000c7f00000|100%| O|  |TAMS 0x00000000c7e00000, 0x00000000c7f00000| Untracked 
| 101|0x00000000c7f00000, 0x00000000c8000000, 0x00000000c8000000|100%| O|  |TAMS 0x00000000c7f00000, 0x00000000c8000000| Untracked 
| 102|0x00000000c8000000, 0x00000000c8100000, 0x00000000c8100000|100%| O|  |TAMS 0x00000000c8000000, 0x00000000c8100000| Untracked 
| 103|0x00000000c8100000, 0x00000000c8200000, 0x00000000c8200000|100%| O|  |TAMS 0x00000000c8100000, 0x00000000c8200000| Untracked 
| 104|0x00000000c8200000, 0x00000000c8300000, 0x00000000c8300000|100%| O|  |TAMS 0x00000000c8200000, 0x00000000c8300000| Untracked 
| 105|0x00000000c8300000, 0x00000000c8400000, 0x00000000c8400000|100%| O|  |TAMS 0x00000000c8300000, 0x00000000c8400000| Untracked 
| 106|0x00000000c8400000, 0x00000000c8500000, 0x00000000c8500000|100%| O|  |TAMS 0x00000000c8400000, 0x00000000c8500000| Untracked 
| 107|0x00000000c8500000, 0x00000000c8600000, 0x00000000c8600000|100%| O|  |TAMS 0x00000000c8500000, 0x00000000c8600000| Untracked 
| 108|0x00000000c8600000, 0x00000000c8700000, 0x00000000c8700000|100%| O|  |TAMS 0x00000000c8600000, 0x00000000c8700000| Untracked 
| 109|0x00000000c8700000, 0x00000000c8800000, 0x00000000c8800000|100%| O|  |TAMS 0x00000000c8700000, 0x00000000c8800000| Untracked 
| 110|0x00000000c8800000, 0x00000000c8900000, 0x00000000c8900000|100%| O|  |TAMS 0x00000000c8800000, 0x00000000c8900000| Untracked 
| 111|0x00000000c8900000, 0x00000000c8a00000, 0x00000000c8a00000|100%| O|  |TAMS 0x00000000c8900000, 0x00000000c8a00000| Untracked 
| 112|0x00000000c8a00000, 0x00000000c8b00000, 0x00000000c8b00000|100%| O|  |TAMS 0x00000000c8a00000, 0x00000000c8b00000| Untracked 
| 113|0x00000000c8b00000, 0x00000000c8c00000, 0x00000000c8c00000|100%| O|  |TAMS 0x00000000c8b00000, 0x00000000c8c00000| Untracked 
| 114|0x00000000c8c00000, 0x00000000c8d00000, 0x00000000c8d00000|100%| O|  |TAMS 0x00000000c8c00000, 0x00000000c8d00000| Untracked 
| 115|0x00000000c8d00000, 0x00000000c8e00000, 0x00000000c8e00000|100%| O|  |TAMS 0x00000000c8d00000, 0x00000000c8e00000| Untracked 
| 116|0x00000000c8e00000, 0x00000000c8f00000, 0x00000000c8f00000|100%| O|  |TAMS 0x00000000c8e00000, 0x00000000c8f00000| Untracked 
| 117|0x00000000c8f00000, 0x00000000c9000000, 0x00000000c9000000|100%| O|  |TAMS 0x00000000c8f00000, 0x00000000c9000000| Untracked 
| 118|0x00000000c9000000, 0x00000000c9100000, 0x00000000c9100000|100%| O|  |TAMS 0x00000000c9000000, 0x00000000c9100000| Untracked 
| 119|0x00000000c9100000, 0x00000000c9200000, 0x00000000c9200000|100%| O|  |TAMS 0x00000000c9100000, 0x00000000c9200000| Untracked 
| 120|0x00000000c9200000, 0x00000000c9300000, 0x00000000c9300000|100%| O|  |TAMS 0x00000000c9200000, 0x00000000c9280000| Untracked 
| 121|0x00000000c9300000, 0x00000000c9400000, 0x00000000c9400000|100%| O|  |TAMS 0x00000000c9300000, 0x00000000c9300000| Untracked 
| 122|0x00000000c9400000, 0x00000000c9500000, 0x00000000c9500000|100%| O|  |TAMS 0x00000000c9400000, 0x00000000c9400000| Untracked 
| 123|0x00000000c9500000, 0x00000000c9600000, 0x00000000c9600000|100%| O|  |TAMS 0x00000000c9500000, 0x00000000c9500000| Untracked 
| 124|0x00000000c9600000, 0x00000000c9700000, 0x00000000c9700000|100%| O|  |TAMS 0x00000000c9600000, 0x00000000c9600000| Untracked 
| 125|0x00000000c9700000, 0x00000000c9800000, 0x00000000c9800000|100%| O|  |TAMS 0x00000000c9700000, 0x00000000c9700000| Untracked 
| 126|0x00000000c9800000, 0x00000000c9900000, 0x00000000c9900000|100%| O|  |TAMS 0x00000000c9800000, 0x00000000c9800000| Untracked 
| 127|0x00000000c9900000, 0x00000000c9a00000, 0x00000000c9a00000|100%| O|  |TAMS 0x00000000c9900000, 0x00000000c9900000| Untracked 
| 128|0x00000000c9a00000, 0x00000000c9b00000, 0x00000000c9b00000|100%| O|  |TAMS 0x00000000c9a00000, 0x00000000c9a00000| Untracked 
| 129|0x00000000c9b00000, 0x00000000c9c00000, 0x00000000c9c00000|100%| O|  |TAMS 0x00000000c9b00000, 0x00000000c9b00000| Untracked 
| 130|0x00000000c9c00000, 0x00000000c9d00000, 0x00000000c9d00000|100%|HS|  |TAMS 0x00000000c9c00000, 0x00000000c9c00000| Complete 
| 131|0x00000000c9d00000, 0x00000000c9e00000, 0x00000000c9e00000|100%|HC|  |TAMS 0x00000000c9d00000, 0x00000000c9d00000| Complete 
| 132|0x00000000c9e00000, 0x00000000c9f00000, 0x00000000c9f00000|100%|HC|  |TAMS 0x00000000c9e00000, 0x00000000c9e00000| Complete 
| 133|0x00000000c9f00000, 0x00000000ca000000, 0x00000000ca000000|100%|HC|  |TAMS 0x00000000c9f00000, 0x00000000c9f00000| Complete 
| 134|0x00000000ca000000, 0x00000000ca100000, 0x00000000ca100000|100%|HC|  |TAMS 0x00000000ca000000, 0x00000000ca000000| Complete 
| 135|0x00000000ca100000, 0x00000000ca200000, 0x00000000ca200000|100%| O|  |TAMS 0x00000000ca100000, 0x00000000ca100000| Untracked 
| 136|0x00000000ca200000, 0x00000000ca300000, 0x00000000ca300000|100%| O|  |TAMS 0x00000000ca200000, 0x00000000ca200000| Untracked 
| 137|0x00000000ca300000, 0x00000000ca400000, 0x00000000ca400000|100%| O|  |TAMS 0x00000000ca300000, 0x00000000ca300000| Untracked 
| 138|0x00000000ca400000, 0x00000000ca500000, 0x00000000ca500000|100%| O|  |TAMS 0x00000000ca400000, 0x00000000ca400000| Untracked 
| 139|0x00000000ca500000, 0x00000000ca600000, 0x00000000ca600000|100%| O|  |TAMS 0x00000000ca500000, 0x00000000ca500000| Untracked 
| 140|0x00000000ca600000, 0x00000000ca700000, 0x00000000ca700000|100%| O|  |TAMS 0x00000000ca600000, 0x00000000ca600000| Untracked 
| 141|0x00000000ca700000, 0x00000000ca800000, 0x00000000ca800000|100%| O|  |TAMS 0x00000000ca700000, 0x00000000ca700000| Untracked 
| 142|0x00000000ca800000, 0x00000000ca900000, 0x00000000ca900000|100%| O|  |TAMS 0x00000000ca800000, 0x00000000ca800000| Untracked 
| 143|0x00000000ca900000, 0x00000000caa00000, 0x00000000caa00000|100%| O|  |TAMS 0x00000000ca900000, 0x00000000ca900000| Untracked 
| 144|0x00000000caa00000, 0x00000000cab00000, 0x00000000cab00000|100%| O|  |TAMS 0x00000000caa00000, 0x00000000caa00000| Untracked 
| 145|0x00000000cab00000, 0x00000000cac00000, 0x00000000cac00000|100%| O|  |TAMS 0x00000000cab00000, 0x00000000cab00000| Untracked 
| 146|0x00000000cac00000, 0x00000000cad00000, 0x00000000cad00000|100%| O|  |TAMS 0x00000000cac00000, 0x00000000cac00000| Untracked 
| 147|0x00000000cad00000, 0x00000000cae00000, 0x00000000cae00000|100%| O|  |TAMS 0x00000000cad00000, 0x00000000cad00000| Untracked 
| 148|0x00000000cae00000, 0x00000000caf00000, 0x00000000caf00000|100%| O|  |TAMS 0x00000000cae00000, 0x00000000cae00000| Untracked 
| 149|0x00000000caf00000, 0x00000000cb000000, 0x00000000cb000000|100%| O|  |TAMS 0x00000000caf00000, 0x00000000caf00000| Untracked 
| 150|0x00000000cb000000, 0x00000000cb100000, 0x00000000cb100000|100%| O|  |TAMS 0x00000000cb000000, 0x00000000cb000000| Untracked 
| 151|0x00000000cb100000, 0x00000000cb200000, 0x00000000cb200000|100%| O|  |TAMS 0x00000000cb100000, 0x00000000cb100000| Untracked 
| 152|0x00000000cb200000, 0x00000000cb200000, 0x00000000cb300000|  0%| F|  |TAMS 0x00000000cb200000, 0x00000000cb200000| Untracked 
| 153|0x00000000cb300000, 0x00000000cb300000, 0x00000000cb400000|  0%| F|  |TAMS 0x00000000cb300000, 0x00000000cb300000| Untracked 
| 154|0x00000000cb400000, 0x00000000cb400000, 0x00000000cb500000|  0%| F|  |TAMS 0x00000000cb400000, 0x00000000cb400000| Untracked 
| 155|0x00000000cb500000, 0x00000000cb500000, 0x00000000cb600000|  0%| F|  |TAMS 0x00000000cb500000, 0x00000000cb500000| Untracked 
| 156|0x00000000cb600000, 0x00000000cb600000, 0x00000000cb700000|  0%| F|  |TAMS 0x00000000cb600000, 0x00000000cb600000| Untracked 
| 157|0x00000000cb700000, 0x00000000cb700000, 0x00000000cb800000|  0%| F|  |TAMS 0x00000000cb700000, 0x00000000cb700000| Untracked 
| 158|0x00000000cb800000, 0x00000000cb800000, 0x00000000cb900000|  0%| F|  |TAMS 0x00000000cb800000, 0x00000000cb800000| Untracked 
| 159|0x00000000cb900000, 0x00000000cb900000, 0x00000000cba00000|  0%| F|  |TAMS 0x00000000cb900000, 0x00000000cb900000| Untracked 
| 160|0x00000000cba00000, 0x00000000cba00000, 0x00000000cbb00000|  0%| F|  |TAMS 0x00000000cba00000, 0x00000000cba00000| Untracked 
| 161|0x00000000cbb00000, 0x00000000cbb00000, 0x00000000cbc00000|  0%| F|  |TAMS 0x00000000cbb00000, 0x00000000cbb00000| Untracked 
| 162|0x00000000cbc00000, 0x00000000cbc00000, 0x00000000cbd00000|  0%| F|  |TAMS 0x00000000cbc00000, 0x00000000cbc00000| Untracked 
| 163|0x00000000cbd00000, 0x00000000cbd00000, 0x00000000cbe00000|  0%| F|  |TAMS 0x00000000cbd00000, 0x00000000cbd00000| Untracked 
| 164|0x00000000cbe00000, 0x00000000cbe00000, 0x00000000cbf00000|  0%| F|  |TAMS 0x00000000cbe00000, 0x00000000cbe00000| Untracked 
| 165|0x00000000cbf00000, 0x00000000cbf00000, 0x00000000cc000000|  0%| F|  |TAMS 0x00000000cbf00000, 0x00000000cbf00000| Untracked 
| 166|0x00000000cc000000, 0x00000000cc000000, 0x00000000cc100000|  0%| F|  |TAMS 0x00000000cc000000, 0x00000000cc000000| Untracked 
| 167|0x00000000cc100000, 0x00000000cc100000, 0x00000000cc200000|  0%| F|  |TAMS 0x00000000cc100000, 0x00000000cc100000| Untracked 
| 168|0x00000000cc200000, 0x00000000cc200000, 0x00000000cc300000|  0%| F|  |TAMS 0x00000000cc200000, 0x00000000cc200000| Untracked 
| 169|0x00000000cc300000, 0x00000000cc300000, 0x00000000cc400000|  0%| F|  |TAMS 0x00000000cc300000, 0x00000000cc300000| Untracked 
| 170|0x00000000cc400000, 0x00000000cc400000, 0x00000000cc500000|  0%| F|  |TAMS 0x00000000cc400000, 0x00000000cc400000| Untracked 
| 171|0x00000000cc500000, 0x00000000cc500000, 0x00000000cc600000|  0%| F|  |TAMS 0x00000000cc500000, 0x00000000cc500000| Untracked 
| 172|0x00000000cc600000, 0x00000000cc600000, 0x00000000cc700000|  0%| F|  |TAMS 0x00000000cc600000, 0x00000000cc600000| Untracked 
| 173|0x00000000cc700000, 0x00000000cc700000, 0x00000000cc800000|  0%| F|  |TAMS 0x00000000cc700000, 0x00000000cc700000| Untracked 
| 174|0x00000000cc800000, 0x00000000cc800000, 0x00000000cc900000|  0%| F|  |TAMS 0x00000000cc800000, 0x00000000cc800000| Untracked 
| 175|0x00000000cc900000, 0x00000000cc900000, 0x00000000cca00000|  0%| F|  |TAMS 0x00000000cc900000, 0x00000000cc900000| Untracked 
| 176|0x00000000cca00000, 0x00000000cca00000, 0x00000000ccb00000|  0%| F|  |TAMS 0x00000000cca00000, 0x00000000cca00000| Untracked 
| 177|0x00000000ccb00000, 0x00000000ccb00000, 0x00000000ccc00000|  0%| F|  |TAMS 0x00000000ccb00000, 0x00000000ccb00000| Untracked 
| 178|0x00000000ccc00000, 0x00000000ccc00000, 0x00000000ccd00000|  0%| F|  |TAMS 0x00000000ccc00000, 0x00000000ccc00000| Untracked 
| 179|0x00000000ccd00000, 0x00000000ccd00000, 0x00000000cce00000|  0%| F|  |TAMS 0x00000000ccd00000, 0x00000000ccd00000| Untracked 
| 180|0x00000000cce00000, 0x00000000cce00000, 0x00000000ccf00000|  0%| F|  |TAMS 0x00000000cce00000, 0x00000000cce00000| Untracked 
| 181|0x00000000ccf00000, 0x00000000ccf00000, 0x00000000cd000000|  0%| F|  |TAMS 0x00000000ccf00000, 0x00000000ccf00000| Untracked 
| 182|0x00000000cd000000, 0x00000000cd000000, 0x00000000cd100000|  0%| F|  |TAMS 0x00000000cd000000, 0x00000000cd000000| Untracked 
| 183|0x00000000cd100000, 0x00000000cd100000, 0x00000000cd200000|  0%| F|  |TAMS 0x00000000cd100000, 0x00000000cd100000| Untracked 
| 184|0x00000000cd200000, 0x00000000cd200000, 0x00000000cd300000|  0%| F|  |TAMS 0x00000000cd200000, 0x00000000cd200000| Untracked 
| 185|0x00000000cd300000, 0x00000000cd300000, 0x00000000cd400000|  0%| F|  |TAMS 0x00000000cd300000, 0x00000000cd300000| Untracked 
| 186|0x00000000cd400000, 0x00000000cd400000, 0x00000000cd500000|  0%| F|  |TAMS 0x00000000cd400000, 0x00000000cd400000| Untracked 
| 187|0x00000000cd500000, 0x00000000cd500000, 0x00000000cd600000|  0%| F|  |TAMS 0x00000000cd500000, 0x00000000cd500000| Untracked 
| 188|0x00000000cd600000, 0x00000000cd600000, 0x00000000cd700000|  0%| F|  |TAMS 0x00000000cd600000, 0x00000000cd600000| Untracked 
| 189|0x00000000cd700000, 0x00000000cd800000, 0x00000000cd800000|100%| S|CS|TAMS 0x00000000cd700000, 0x00000000cd700000| Complete 
| 190|0x00000000cd800000, 0x00000000cd900000, 0x00000000cd900000|100%| S|CS|TAMS 0x00000000cd800000, 0x00000000cd800000| Complete 
| 191|0x00000000cd900000, 0x00000000cda00000, 0x00000000cda00000|100%| S|CS|TAMS 0x00000000cd900000, 0x00000000cd900000| Complete 
| 192|0x00000000cda00000, 0x00000000cdb00000, 0x00000000cdb00000|100%| S|CS|TAMS 0x00000000cda00000, 0x00000000cda00000| Complete 
| 193|0x00000000cdb00000, 0x00000000cdb00000, 0x00000000cdc00000|  0%| F|  |TAMS 0x00000000cdb00000, 0x00000000cdb00000| Untracked 
| 194|0x00000000cdc00000, 0x00000000cdc00000, 0x00000000cdd00000|  0%| F|  |TAMS 0x00000000cdc00000, 0x00000000cdc00000| Untracked 
| 195|0x00000000cdd00000, 0x00000000cdd00000, 0x00000000cde00000|  0%| F|  |TAMS 0x00000000cdd00000, 0x00000000cdd00000| Untracked 
| 196|0x00000000cde00000, 0x00000000cde00000, 0x00000000cdf00000|  0%| F|  |TAMS 0x00000000cde00000, 0x00000000cde00000| Untracked 
| 197|0x00000000cdf00000, 0x00000000cdf00000, 0x00000000ce000000|  0%| F|  |TAMS 0x00000000cdf00000, 0x00000000cdf00000| Untracked 
| 198|0x00000000ce000000, 0x00000000ce000000, 0x00000000ce100000|  0%| F|  |TAMS 0x00000000ce000000, 0x00000000ce000000| Untracked 
| 199|0x00000000ce100000, 0x00000000ce100000, 0x00000000ce200000|  0%| F|  |TAMS 0x00000000ce100000, 0x00000000ce100000| Untracked 
| 200|0x00000000ce200000, 0x00000000ce200000, 0x00000000ce300000|  0%| F|  |TAMS 0x00000000ce200000, 0x00000000ce200000| Untracked 
| 201|0x00000000ce300000, 0x00000000ce300000, 0x00000000ce400000|  0%| F|  |TAMS 0x00000000ce300000, 0x00000000ce300000| Untracked 
| 202|0x00000000ce400000, 0x00000000ce400000, 0x00000000ce500000|  0%| F|  |TAMS 0x00000000ce400000, 0x00000000ce400000| Untracked 
| 203|0x00000000ce500000, 0x00000000ce500000, 0x00000000ce600000|  0%| F|  |TAMS 0x00000000ce500000, 0x00000000ce500000| Untracked 
| 204|0x00000000ce600000, 0x00000000ce600000, 0x00000000ce700000|  0%| F|  |TAMS 0x00000000ce600000, 0x00000000ce600000| Untracked 
| 205|0x00000000ce700000, 0x00000000ce700000, 0x00000000ce800000|  0%| F|  |TAMS 0x00000000ce700000, 0x00000000ce700000| Untracked 
| 206|0x00000000ce800000, 0x00000000ce800000, 0x00000000ce900000|  0%| F|  |TAMS 0x00000000ce800000, 0x00000000ce800000| Untracked 
| 207|0x00000000ce900000, 0x00000000ce900000, 0x00000000cea00000|  0%| F|  |TAMS 0x00000000ce900000, 0x00000000ce900000| Untracked 
| 208|0x00000000cea00000, 0x00000000cea00000, 0x00000000ceb00000|  0%| F|  |TAMS 0x00000000cea00000, 0x00000000cea00000| Untracked 
| 209|0x00000000ceb00000, 0x00000000ceb00000, 0x00000000cec00000|  0%| F|  |TAMS 0x00000000ceb00000, 0x00000000ceb00000| Untracked 
| 210|0x00000000cec00000, 0x00000000cec00000, 0x00000000ced00000|  0%| F|  |TAMS 0x00000000cec00000, 0x00000000cec00000| Untracked 
| 211|0x00000000ced00000, 0x00000000ced00000, 0x00000000cee00000|  0%| F|  |TAMS 0x00000000ced00000, 0x00000000ced00000| Untracked 
| 212|0x00000000cee00000, 0x00000000cee00000, 0x00000000cef00000|  0%| F|  |TAMS 0x00000000cee00000, 0x00000000cee00000| Untracked 
| 213|0x00000000cef00000, 0x00000000cef00000, 0x00000000cf000000|  0%| F|  |TAMS 0x00000000cef00000, 0x00000000cef00000| Untracked 
| 214|0x00000000cf000000, 0x00000000cf000000, 0x00000000cf100000|  0%| F|  |TAMS 0x00000000cf000000, 0x00000000cf000000| Untracked 
| 215|0x00000000cf100000, 0x00000000cf100000, 0x00000000cf200000|  0%| F|  |TAMS 0x00000000cf100000, 0x00000000cf100000| Untracked 
| 216|0x00000000cf200000, 0x00000000cf200000, 0x00000000cf300000|  0%| F|  |TAMS 0x00000000cf200000, 0x00000000cf200000| Untracked 
| 217|0x00000000cf300000, 0x00000000cf300000, 0x00000000cf400000|  0%| F|  |TAMS 0x00000000cf300000, 0x00000000cf300000| Untracked 
| 218|0x00000000cf400000, 0x00000000cf400000, 0x00000000cf500000|  0%| F|  |TAMS 0x00000000cf400000, 0x00000000cf400000| Untracked 
| 219|0x00000000cf500000, 0x00000000cf500000, 0x00000000cf600000|  0%| F|  |TAMS 0x00000000cf500000, 0x00000000cf500000| Untracked 
| 220|0x00000000cf600000, 0x00000000cf600000, 0x00000000cf700000|  0%| F|  |TAMS 0x00000000cf600000, 0x00000000cf600000| Untracked 
| 221|0x00000000cf700000, 0x00000000cf700000, 0x00000000cf800000|  0%| F|  |TAMS 0x00000000cf700000, 0x00000000cf700000| Untracked 

Card table byte_map: [0x000001b8c3900000,0x000001b8c3b00000] _byte_map_base: 0x000001b8c32f3000

Marking Bits (Prev, Next): (CMBitMap*) 0x000001b8acfbf480, (CMBitMap*) 0x000001b8acfbf440
 Prev Bits: [0x000001b8c4ca0000, 0x000001b8c5c38000)
 Next Bits: [0x000001b8c3d00000, 0x000001b8c4c98000)

Polling page: 0x000001b8aae10000

Metaspace:

Usage:
  Non-class:     11.09 MB used.
      Class:      1.44 MB used.
       Both:     12.53 MB used.

Virtual space:
  Non-class space:       16.00 MB reserved,      11.19 MB ( 70%) committed,  2 nodes.
      Class space:        1.00 GB reserved,       1.50 MB ( <1%) committed,  1 nodes.
              Both:        1.02 GB reserved,      12.69 MB (  1%) committed. 

Chunk freelists:
   Non-Class:  463.00 KB
       Class:  2.50 MB
        Both:  2.95 MB

MaxMetaspaceSize: 17179869184.00 GB
CompressedClassSpaceSize: 1.00 GB
 - commit_granule_bytes: 65536.
 - commit_granule_words: 8192.
 - virtual_space_node_default_size: 1048576.
 - enlarge_chunks_in_place: 1.
 - new_chunks_are_fully_committed: 0.
 - uncommit_free_chunks: 1.
 - use_allocation_guard: 0.
 - handle_deallocations: 1.


Internal statistics:

num_allocs_failed_limit: 0.
num_arena_births: 124.
num_arena_deaths: 0.
num_vsnodes_births: 3.
num_vsnodes_deaths: 0.
num_space_committed: 203.
num_space_uncommitted: 0.
num_chunks_returned_to_freelist: 0.
num_chunks_taken_from_freelist: 172.
num_chunk_merges: 0.
num_chunk_splits: 100.
num_chunks_enlarged: 53.
num_purges: 0.

CodeHeap 'non-profiled nmethods': size=120000Kb used=808Kb max_used=808Kb free=119191Kb
 bounds [0x000001b8bc1d0000, 0x000001b8bc440000, 0x000001b8c3700000]
CodeHeap 'profiled nmethods': size=120000Kb used=3597Kb max_used=3597Kb free=116402Kb
 bounds [0x000001b8b4ca0000, 0x000001b8b5030000, 0x000001b8bc1d0000]
CodeHeap 'non-nmethods': size=5760Kb used=1334Kb max_used=1368Kb free=4425Kb
 bounds [0x000001b8b4700000, 0x000001b8b4970000, 0x000001b8b4ca0000]
 total_blobs=2659 nmethods=1991 adapters=580
 compilation: enabled
              stopped_count=0, restarted_count=0
 full_count=0

Compilation events (20 events):
Event: 11.536 Thread 0x000001b8cc37b300 nmethod 1971 0x000001b8bc294390 code [0x000001b8bc294520, 0x000001b8bc2945d8]
Event: 11.536 Thread 0x000001b8cc37b300 1958       4       java.awt.Container::invalidate (29 bytes)
Event: 11.537 Thread 0x000001b8c80a57c0 nmethod 1968 0x000001b8bc294690 code [0x000001b8bc294820, 0x000001b8bc294d78]
Event: 11.537 Thread 0x000001b8c80a57c0 1973       4       java.awt.Container::invalidateParent (18 bytes)
Event: 11.538 Thread 0x000001b8c80a57c0 nmethod 1973 0x000001b8bc294f10 code [0x000001b8bc2950a0, 0x000001b8bc295178]
Event: 11.538 Thread 0x000001b8c80a57c0 1970   !   4       java.awt.EventQueue::isDispatchThreadImpl (99 bytes)
Event: 11.539 Thread 0x000001b8cc37b300 nmethod 1958 0x000001b8bc295290 code [0x000001b8bc295440, 0x000001b8bc2958f8]
Event: 11.539 Thread 0x000001b8cc37b300 1960       4       sun.awt.SunToolkit::isDispatchThreadForAppContext (28 bytes)
Event: 11.543 Thread 0x000001b8c80a57c0 nmethod 1970 0x000001b8bc295b10 code [0x000001b8bc295cc0, 0x000001b8bc296118]
Event: 11.543 Thread 0x000001b8c80a57c0 1979   !   4       javax.swing.JTable::tableChanged (268 bytes)
Event: 11.548 Thread 0x000001b8cc37b300 nmethod 1960 0x000001b8bc296490 code [0x000001b8bc296680, 0x000001b8bc296e88]
Event: 11.548 Thread 0x000001b8cc37b300 1980       4       javax.swing.JComponent::repaint (22 bytes)
Event: 11.549 Thread 0x000001b8cc37b300 nmethod 1980 0x000001b8bc297490 code [0x000001b8bc297620, 0x000001b8bc297708]
Event: 11.549 Thread 0x000001b8cc37b300 1984       4       javax.swing.JTable::tableRowsInserted (117 bytes)
Event: 11.552 Thread 0x000001b8c80a57c0 nmethod 1979 0x000001b8bc297810 code [0x000001b8bc2979e0, 0x000001b8bc298158]
Event: 11.556 Thread 0x000001b8cc37b300 nmethod 1984 0x000001b8bc298a10 code [0x000001b8bc298be0, 0x000001b8bc2992f8]
Event: 11.572 Thread 0x000001b8cc37b300 1994 % !   4       ventana.VentanaSubirProducto::leerTextoProductos @ 26 (81 bytes)
Event: 11.574 Thread 0x000001b8cc37b300 nmethod 1994% 0x000001b8bc299b10 code [0x000001b8bc299cc0, 0x000001b8bc299eb8]
Event: 11.620 Thread 0x000001b8c80ae1d0 1995  s    3       java.util.Hashtable::remove (133 bytes)
Event: 11.620 Thread 0x000001b8c80ae1d0 nmethod 1995 0x000001b8b5022810 code [0x000001b8b5022a20, 0x000001b8b5023238]

GC Heap History (20 events):
Event: 11.423 GC heap after
{Heap after GC invocations=2 (full 0):
 garbage-first heap   total 65536K, used 12369K [0x00000000c1a00000, 0x0000000100000000)
  region size 1024K, 2 young (2048K), 2 survivors (2048K)
 Metaspace       used 12814K, committed 12992K, reserved 1064960K
  class space    used 1471K, committed 1536K, reserved 1048576K
}
Event: 11.521 GC heap before
{Heap before GC invocations=2 (full 0):
 garbage-first heap   total 65536K, used 31825K [0x00000000c1a00000, 0x0000000100000000)
  region size 1024K, 21 young (21504K), 2 survivors (2048K)
 Metaspace       used 12827K, committed 12992K, reserved 1064960K
  class space    used 1471K, committed 1536K, reserved 1048576K
}
Event: 11.531 GC heap after
{Heap after GC invocations=3 (full 0):
 garbage-first heap   total 65536K, used 23098K [0x00000000c1a00000, 0x0000000100000000)
  region size 1024K, 3 young (3072K), 3 survivors (3072K)
 Metaspace       used 12827K, committed 12992K, reserved 1064960K
  class space    used 1471K, committed 1536K, reserved 1048576K
}
Event: 11.561 GC heap before
{Heap before GC invocations=3 (full 0):
 garbage-first heap   total 65536K, used 37434K [0x00000000c1a00000, 0x0000000100000000)
  region size 1024K, 16 young (16384K), 3 survivors (3072K)
 Metaspace       used 12827K, committed 12992K, reserved 1064960K
  class space    used 1471K, committed 1536K, reserved 1048576K
}
Event: 11.569 GC heap after
{Heap after GC invocations=4 (full 0):
 garbage-first heap   total 65536K, used 32768K [0x00000000c1a00000, 0x0000000100000000)
  region size 1024K, 2 young (2048K), 2 survivors (2048K)
 Metaspace       used 12827K, committed 12992K, reserved 1064960K
  class space    used 1471K, committed 1536K, reserved 1048576K
}
Event: 11.591 GC heap before
{Heap before GC invocations=4 (full 0):
 garbage-first heap   total 65536K, used 43008K [0x00000000c1a00000, 0x0000000100000000)
  region size 1024K, 12 young (12288K), 2 survivors (2048K)
 Metaspace       used 12827K, committed 12992K, reserved 1064960K
  class space    used 1471K, committed 1536K, reserved 1048576K
}
Event: 11.598 GC heap after
{Heap after GC invocations=5 (full 0):
 garbage-first heap   total 65536K, used 39781K [0x00000000c1a00000, 0x0000000100000000)
  region size 1024K, 2 young (2048K), 2 survivors (2048K)
 Metaspace       used 12827K, committed 12992K, reserved 1064960K
  class space    used 1471K, committed 1536K, reserved 1048576K
}
Event: 11.626 GC heap before
{Heap before GC invocations=5 (full 0):
 garbage-first heap   total 75776K, used 46949K [0x00000000c1a00000, 0x0000000100000000)
  region size 1024K, 9 young (9216K), 2 survivors (2048K)
 Metaspace       used 12827K, committed 12992K, reserved 1064960K
  class space    used 1471K, committed 1536K, reserved 1048576K
}
Event: 11.631 GC heap after
{Heap after GC invocations=6 (full 0):
 garbage-first heap   total 75776K, used 44377K [0x00000000c1a00000, 0x0000000100000000)
  region size 1024K, 2 young (2048K), 2 survivors (2048K)
 Metaspace       used 12827K, committed 12992K, reserved 1064960K
  class space    used 1471K, committed 1536K, reserved 1048576K
}
Event: 11.651 GC heap before
{Heap before GC invocations=6 (full 0):
 garbage-first heap   total 75776K, used 52569K [0x00000000c1a00000, 0x0000000100000000)
  region size 1024K, 10 young (10240K), 2 survivors (2048K)
 Metaspace       used 12827K, committed 12992K, reserved 1064960K
  class space    used 1471K, committed 1536K, reserved 1048576K
}
Event: 11.657 GC heap after
{Heap after GC invocations=7 (full 0):
 garbage-first heap   total 227328K, used 50157K [0x00000000c1a00000, 0x0000000100000000)
  region size 1024K, 2 young (2048K), 2 survivors (2048K)
 Metaspace       used 12827K, committed 12992K, reserved 1064960K
  class space    used 1471K, committed 1536K, reserved 1048576K
}
Event: 11.764 GC heap before
{Heap before GC invocations=8 (full 0):
 garbage-first heap   total 227328K, used 96237K [0x00000000c1a00000, 0x0000000100000000)
  region size 1024K, 44 young (45056K), 2 survivors (2048K)
 Metaspace       used 12827K, committed 12992K, reserved 1064960K
  class space    used 1471K, committed 1536K, reserved 1048576K
}
Event: 11.784 GC heap after
{Heap after GC invocations=9 (full 0):
 garbage-first heap   total 227328K, used 80375K [0x00000000c1a00000, 0x0000000100000000)
  region size 1024K, 6 young (6144K), 6 survivors (6144K)
 Metaspace       used 12827K, committed 12992K, reserved 1064960K
  class space    used 1471K, committed 1536K, reserved 1048576K
}
Event: 11.873 GC heap before
{Heap before GC invocations=9 (full 0):
 garbage-first heap   total 227328K, used 122359K [0x00000000c1a00000, 0x0000000100000000)
  region size 1024K, 47 young (48128K), 6 survivors (6144K)
 Metaspace       used 12827K, committed 12992K, reserved 1064960K
  class space    used 1471K, committed 1536K, reserved 1048576K
}
Event: 11.894 GC heap after
{Heap after GC invocations=10 (full 0):
 garbage-first heap   total 227328K, used 107520K [0x00000000c1a00000, 0x0000000100000000)
  region size 1024K, 6 young (6144K), 6 survivors (6144K)
 Metaspace       used 12827K, committed 12992K, reserved 1064960K
  class space    used 1471K, committed 1536K, reserved 1048576K
}
Event: 11.966 GC heap before
{Heap before GC invocations=10 (full 0):
 garbage-first heap   total 227328K, used 141312K [0x00000000c1a00000, 0x0000000100000000)
  region size 1024K, 39 young (39936K), 6 survivors (6144K)
 Metaspace       used 12827K, committed 12992K, reserved 1064960K
  class space    used 1471K, committed 1536K, reserved 1048576K
}
Event: 11.984 GC heap after
{Heap after GC invocations=11 (full 0):
 garbage-first heap   total 227328K, used 128512K [0x00000000c1a00000, 0x0000000100000000)
  region size 1024K, 5 young (5120K), 5 survivors (5120K)
 Metaspace       used 12827K, committed 12992K, reserved 1064960K
  class space    used 1471K, committed 1536K, reserved 1048576K
}
Event: 12.011 GC heap before
{Heap before GC invocations=11 (full 0):
 garbage-first heap   total 227328K, used 140800K [0x00000000c1a00000, 0x0000000100000000)
  region size 1024K, 18 young (18432K), 5 survivors (5120K)
 Metaspace       used 12827K, committed 12992K, reserved 1064960K
  class space    used 1471K, committed 1536K, reserved 1048576K
}
Event: 12.020 GC heap after
{Heap after GC invocations=12 (full 0):
 garbage-first heap   total 227328K, used 137216K [0x00000000c1a00000, 0x0000000100000000)
  region size 1024K, 4 young (4096K), 4 survivors (4096K)
 Metaspace       used 12827K, committed 12992K, reserved 1064960K
  class space    used 1471K, committed 1536K, reserved 1048576K
}
Event: 12.090 GC heap before
{Heap before GC invocations=12 (full 0):
 garbage-first heap   total 227328K, used 167936K [0x00000000c1a00000, 0x0000000100000000)
  region size 1024K, 29 young (29696K), 4 survivors (4096K)
 Metaspace       used 12827K, committed 12992K, reserved 1064960K
  class space    used 1471K, committed 1536K, reserved 1048576K
}

Deoptimization events (20 events):
Event: 9.943 Thread 0x000001b8c8ec3b40 Uncommon trap: trap_request=0xffffffbe fr.pc=0x000001b8bc2474cc relative=0x000000000000076c
Event: 9.943 Thread 0x000001b8c8ec3b40 Uncommon trap: reason=profile_predicate action=maybe_recompile pc=0x000001b8bc2474cc method=java.awt.LinearGradientPaintContext.fillRaster([IIIIIII)V @ 50 c2
Event: 9.943 Thread 0x000001b8c8ec3b40 DEOPT PACKING pc=0x000001b8bc2474cc sp=0x000000290f3fcde0
Event: 9.943 Thread 0x000001b8c8ec3b40 DEOPT UNPACKING pc=0x000001b8b474d72e sp=0x000000290f3fcd98 mode 2
Event: 9.943 Thread 0x000001b8c8ec3b40 Uncommon trap: trap_request=0xffffffbe fr.pc=0x000001b8bc267770 relative=0x0000000000000610
Event: 9.943 Thread 0x000001b8c8ec3b40 Uncommon trap: reason=profile_predicate action=maybe_recompile pc=0x000001b8bc267770 method=java.awt.LinearGradientPaintContext.fillRaster([IIIIIII)V @ 53 c2
Event: 9.943 Thread 0x000001b8c8ec3b40 DEOPT PACKING pc=0x000001b8bc267770 sp=0x000000290f3fce10
Event: 9.943 Thread 0x000001b8c8ec3b40 DEOPT UNPACKING pc=0x000001b8b474d72e sp=0x000000290f3fcd88 mode 2
Event: 9.954 Thread 0x000001b8c8ec3b40 DEOPT PACKING pc=0x000001b8b4f02c0d sp=0x000000290f3fd480
Event: 9.954 Thread 0x000001b8c8ec3b40 DEOPT UNPACKING pc=0x000001b8b474dece sp=0x000000290f3fc8d0 mode 0
Event: 11.322 Thread 0x000001b8c8ec3b40 Uncommon trap: trap_request=0xffffff45 fr.pc=0x000001b8bc1f8b6c relative=0x0000000000000d4c
Event: 11.322 Thread 0x000001b8c8ec3b40 Uncommon trap: reason=unstable_if action=reinterpret pc=0x000001b8bc1f8b6c method=javax.swing.plaf.nimbus.DerivedColor.equals(Ljava/lang/Object;)Z @ 77 c2
Event: 11.322 Thread 0x000001b8c8ec3b40 DEOPT PACKING pc=0x000001b8bc1f8b6c sp=0x000000290f3fcb80
Event: 11.322 Thread 0x000001b8c8ec3b40 DEOPT UNPACKING pc=0x000001b8b474d72e sp=0x000000290f3fca50 mode 2
Event: 11.459 Thread 0x000001b8c8ec3b40 Uncommon trap: trap_request=0xffffffcc fr.pc=0x000001b8bc281b60 relative=0x00000000000019c0
Event: 11.460 Thread 0x000001b8c8ec3b40 Uncommon trap: reason=intrinsic_or_type_checked_inlining action=make_not_entrant pc=0x000001b8bc281b60 method=java.util.ArrayList$SubList.toArray([Ljava/lang/Object;)[Ljava/lang/Object; @ 58 c2
Event: 11.460 Thread 0x000001b8c8ec3b40 DEOPT PACKING pc=0x000001b8bc281b60 sp=0x000000290f3fe380
Event: 11.460 Thread 0x000001b8c8ec3b40 DEOPT UNPACKING pc=0x000001b8b474d72e sp=0x000000290f3fe2b8 mode 2
Event: 11.578 Thread 0x000001b8c8ec3b40 DEOPT PACKING pc=0x000001b8b501fc0d sp=0x000000290f3fe3c0
Event: 11.578 Thread 0x000001b8c8ec3b40 DEOPT UNPACKING pc=0x000001b8b474dece sp=0x000000290f3fd938 mode 0

Classes unloaded (0 events):
No events

Classes redefined (0 events):
No events

Internal exceptions (20 events):
Event: 0.253 Thread 0x000001b8acf93f40 Exception <a 'java/lang/ClassNotFoundException'{0x00000000c550a2e8}: javax/swing/JToolBarSeparator> (0x00000000c550a2e8) 
thrown [t:\workspace\open\src\hotspot\share\classfile\systemDictionary.cpp, line 256]
Event: 0.253 Thread 0x000001b8acf93f40 Exception <a 'java/lang/ClassNotFoundException'{0x00000000c550a5f0}: ToolBarSeparator> (0x00000000c550a5f0) 
thrown [t:\workspace\open\src\hotspot\share\classfile\systemDictionary.cpp, line 256]
Event: 0.253 Thread 0x000001b8acf93f40 Exception <a 'java/lang/ClassNotFoundException'{0x00000000c550ab08}: ToolTip> (0x00000000c550ab08) 
thrown [t:\workspace\open\src\hotspot\share\classfile\systemDictionary.cpp, line 256]
Event: 0.254 Thread 0x000001b8acf93f40 Exception <a 'java/lang/ClassNotFoundException'{0x00000000c550b458}: Tree> (0x00000000c550b458) 
thrown [t:\workspace\open\src\hotspot\share\classfile\systemDictionary.cpp, line 256]
Event: 0.254 Thread 0x000001b8acf93f40 Exception <a 'java/lang/ClassNotFoundException'{0x00000000c550b950}: Tree> (0x00000000c550b950) 
thrown [t:\workspace\open\src\hotspot\share\classfile\systemDictionary.cpp, line 256]
Event: 0.254 Thread 0x000001b8acf93f40 Exception <a 'java/lang/ClassNotFoundException'{0x00000000c550bcc0}: javax/swing/JTreeCell> (0x00000000c550bcc0) 
thrown [t:\workspace\open\src\hotspot\share\classfile\systemDictionary.cpp, line 256]
Event: 0.254 Thread 0x000001b8acf93f40 Exception <a 'java/lang/ClassNotFoundException'{0x00000000c550bfc0}: TreeCell> (0x00000000c550bfc0) 
thrown [t:\workspace\open\src\hotspot\share\classfile\systemDictionary.cpp, line 256]
Event: 0.255 Thread 0x000001b8acf93f40 Exception <a 'java/lang/ClassNotFoundException'{0x00000000c550c780}: RootPane> (0x00000000c550c780) 
thrown [t:\workspace\open\src\hotspot\share\classfile\systemDictionary.cpp, line 256]
Event: 0.257 Thread 0x000001b8acf93f40 Exception <a 'java/lang/ClassNotFoundException'{0x00000000c550f5d0}: com/sun/swing/internal/plaf/metal/resources/spi/metalProvider> (0x00000000c550f5d0) 
thrown [t:\workspace\open\src\hotspot\share\classfile\systemDictionary.cpp, line 256]
Event: 0.257 Thread 0x000001b8acf93f40 Exception <a 'java/lang/ClassNotFoundException'{0x00000000c5513130}: com/sun/swing/internal/plaf/basic/resources/spi/basicProvider> (0x00000000c5513130) 
thrown [t:\workspace\open\src\hotspot\share\classfile\systemDictionary.cpp, line 256]
Event: 0.277 Thread 0x000001b8c8ec3b40 Exception <a 'java/lang/ClassNotFoundException'{0x00000000c559c8f8}: com/sun/swing/internal/plaf/synth/resources/spi/synthProvider> (0x00000000c559c8f8) 
thrown [t:\workspace\open\src\hotspot\share\classfile\systemDictionary.cpp, line 256]
Event: 0.334 Thread 0x000001b8ca2f0910 Exception <a 'java/lang/NoSuchMethodError'{0x00000000c5491778}: 'java.lang.Object java.lang.invoke.DirectMethodHandle$Holder.newInvokeSpecial(java.lang.Object, java.lang.Object, java.lang.Object, int, int, int, int, int)'> (0x00000000c5491778) 
thrown [t:\workspace\open\src\hotspot\share\interpreter\linkResolver.cpp, line 790]
Event: 0.349 Thread 0x000001b8c8e830f0 Exception <a 'java/lang/NoSuchMethodError'{0x00000000c5752d30}: 'void java.lang.invoke.DirectMethodHandle$Holder.invokeVirtual(java.lang.Object, java.lang.Object)'> (0x00000000c5752d30) 
thrown [t:\workspace\open\src\hotspot\share\interpreter\linkResolver.cpp, line 790]
Event: 0.362 Thread 0x000001b8c8ec3b40 Exception <a 'java/lang/NoSuchMethodError'{0x00000000c5300868}: 'void java.lang.invoke.DirectMethodHandle$Holder.invokeStaticInit(java.lang.Object)'> (0x00000000c5300868) 
thrown [t:\workspace\open\src\hotspot\share\interpreter\linkResolver.cpp, line 790]
Event: 9.187 Thread 0x000001b8c8ec3b40 Exception <a 'java/lang/NoSuchMethodError'{0x00000000c583e1c0}: 'int java.lang.invoke.DirectMethodHandle$Holder.invokeStatic(java.lang.Object)'> (0x00000000c583e1c0) 
thrown [t:\workspace\open\src\hotspot\share\interpreter\linkResolver.cpp, line 790]
Event: 9.943 Thread 0x000001b8c8ec3b40 Implicit null exception at 0x000001b8bc267250 to 0x000001b8bc267735
Event: 9.943 Thread 0x000001b8c8ec3b40 Implicit null exception at 0x000001b8bc246e2b to 0x000001b8bc247488
Event: 9.943 Thread 0x000001b8c8ec3b40 Implicit null exception at 0x000001b8bc267250 to 0x000001b8bc267735
Event: 9.943 Thread 0x000001b8c8ec3b40 Implicit null exception at 0x000001b8bc246e2b to 0x000001b8bc247488
Event: 9.943 Thread 0x000001b8c8ec3b40 Implicit null exception at 0x000001b8bc267250 to 0x000001b8bc267735

Events (20 events):
Event: 11.569 Executing  VM operation: G1CollectForAllocation done
Event: 11.591 Executing  VM operation: G1CollectForAllocation
Event: 11.598 Executing  VM operation: G1CollectForAllocation done
Event: 11.610 Executing  VM operation: G1Concurrent
Event: 11.619 Executing  VM operation: G1Concurrent done
Event: 11.626 Executing  VM operation: G1CollectForAllocation
Event: 11.631 Executing  VM operation: G1CollectForAllocation done
Event: 11.651 Executing  VM operation: G1CollectForAllocation
Event: 11.657 Executing  VM operation: G1CollectForAllocation done
Event: 11.659 Executing  VM operation: G1Concurrent
Event: 11.659 Executing  VM operation: G1Concurrent done
Event: 11.764 Executing  VM operation: G1CollectForAllocation
Event: 11.784 Executing  VM operation: G1CollectForAllocation done
Event: 11.873 Executing  VM operation: G1CollectForAllocation
Event: 11.894 Executing  VM operation: G1CollectForAllocation done
Event: 11.966 Executing  VM operation: G1CollectForAllocation
Event: 11.984 Executing  VM operation: G1CollectForAllocation done
Event: 12.011 Executing  VM operation: G1TryInitiateConcMark
Event: 12.021 Executing  VM operation: G1TryInitiateConcMark done
Event: 12.090 Executing  VM operation: G1CollectForAllocation


Dynamic libraries:
0x00007ff7dfae0000 - 0x00007ff7dfaf0000 	C:\Program Files\Java\jdk-16.0.2\bin\java.exe
0x00007ffa7aa10000 - 0x00007ffa7abfd000 	C:\Windows\SYSTEM32\ntdll.dll
0x00007ffa7a540000 - 0x00007ffa7a5f3000 	C:\Windows\System32\KERNEL32.DLL
0x00007ffa76fa0000 - 0x00007ffa77233000 	C:\Windows\System32\KERNELBASE.dll
0x00007ffa76ea0000 - 0x00007ffa76f9c000 	C:\Windows\System32\ucrtbase.dll
0x00007ffa73580000 - 0x00007ffa73598000 	C:\Program Files\Java\jdk-16.0.2\bin\jli.dll
0x00007ffa65e40000 - 0x00007ffa65e59000 	C:\Program Files\Java\jdk-16.0.2\bin\VCRUNTIME140.dll
0x00007ffa79270000 - 0x00007ffa79313000 	C:\Windows\System32\ADVAPI32.dll
0x00007ffa793d0000 - 0x00007ffa7946e000 	C:\Windows\System32\msvcrt.dll
0x00007ffa7a910000 - 0x00007ffa7a9ae000 	C:\Windows\System32\sechost.dll
0x00007ffa7a660000 - 0x00007ffa7a783000 	C:\Windows\System32\RPCRT4.dll
0x00007ffa79630000 - 0x00007ffa797c7000 	C:\Windows\System32\USER32.dll
0x00007ffa77c20000 - 0x00007ffa77c40000 	C:\Windows\System32\win32u.dll
0x00007ffa67990000 - 0x00007ffa67c09000 	C:\Windows\WinSxS\amd64_microsoft.windows.common-controls_6595b64144ccf1df_6.0.17763.1_none_f040600eff408c2d\COMCTL32.dll
0x00007ffa7a9b0000 - 0x00007ffa7a9d9000 	C:\Windows\System32\GDI32.dll
0x00007ffa7a210000 - 0x00007ffa7a53e000 	C:\Windows\System32\combase.dll
0x00007ffa76b30000 - 0x00007ffa76cca000 	C:\Windows\System32\gdi32full.dll
0x00007ffa76d70000 - 0x00007ffa76dee000 	C:\Windows\System32\bcryptPrimitives.dll
0x00007ffa76cd0000 - 0x00007ffa76d70000 	C:\Windows\System32\msvcp_win.dll
0x00007ffa6c040000 - 0x00007ffa6c04a000 	C:\Windows\SYSTEM32\VERSION.dll
0x00007ffa79aa0000 - 0x00007ffa79ace000 	C:\Windows\System32\IMM32.DLL
0x00007ffa69c30000 - 0x00007ffa69c3c000 	C:\Program Files\Java\jdk-16.0.2\bin\vcruntime140_1.dll
0x00007ffa5cde0000 - 0x00007ffa5ce71000 	C:\Program Files\Java\jdk-16.0.2\bin\msvcp140.dll
0x00007ffa4f270000 - 0x00007ffa4fe1b000 	C:\Program Files\Java\jdk-16.0.2\bin\server\jvm.dll
0x00007ffa7a900000 - 0x00007ffa7a908000 	C:\Windows\System32\PSAPI.DLL
0x00007ffa6f120000 - 0x00007ffa6f129000 	C:\Windows\SYSTEM32\WSOCK32.dll
0x00007ffa74ce0000 - 0x00007ffa74d04000 	C:\Windows\SYSTEM32\WINMM.dll
0x00007ffa79980000 - 0x00007ffa799ed000 	C:\Windows\System32\WS2_32.dll
0x00007ffa74c70000 - 0x00007ffa74c9d000 	C:\Windows\SYSTEM32\WINMMBASE.dll
0x00007ffa76ae0000 - 0x00007ffa76b2a000 	C:\Windows\System32\cfgmgr32.dll
0x00007ffa76a10000 - 0x00007ffa76a21000 	C:\Windows\System32\kernel.appcore.dll
0x00007ffa65b80000 - 0x00007ffa65b8a000 	C:\Program Files\Java\jdk-16.0.2\bin\jimage.dll
0x00007ffa69110000 - 0x00007ffa692fd000 	C:\Windows\SYSTEM32\DBGHELP.DLL
0x00007ffa68cf0000 - 0x00007ffa68d1a000 	C:\Windows\SYSTEM32\dbgcore.DLL
0x00007ffa64220000 - 0x00007ffa64245000 	C:\Program Files\Java\jdk-16.0.2\bin\java.dll
0x00007ffa77c40000 - 0x00007ffa7912f000 	C:\Windows\System32\SHELL32.dll
0x00007ffa79320000 - 0x00007ffa793c8000 	C:\Windows\System32\shcore.dll
0x00007ffa772f0000 - 0x00007ffa77a38000 	C:\Windows\System32\windows.storage.dll
0x00007ffa76a30000 - 0x00007ffa76a54000 	C:\Windows\System32\profapi.dll
0x00007ffa76a80000 - 0x00007ffa76add000 	C:\Windows\System32\powrprof.dll
0x00007ffa79190000 - 0x00007ffa791e2000 	C:\Windows\System32\shlwapi.dll
0x00007ffa77240000 - 0x00007ffa77257000 	C:\Windows\System32\cryptsp.dll
0x00007ffa65870000 - 0x00007ffa65889000 	C:\Program Files\Java\jdk-16.0.2\bin\net.dll
0x00007ffa6f020000 - 0x00007ffa6f111000 	C:\Windows\SYSTEM32\WINHTTP.dll
0x00007ffa76240000 - 0x00007ffa762a7000 	C:\Windows\system32\mswsock.dll
0x00007ffa650f0000 - 0x00007ffa65103000 	C:\Program Files\Java\jdk-16.0.2\bin\nio.dll
0x00007ffa64280000 - 0x00007ffa64298000 	C:\Program Files\Java\jdk-16.0.2\bin\zip.dll
0x00007ffa54d70000 - 0x00007ffa54ef0000 	C:\Program Files\Java\jdk-16.0.2\bin\awt.dll
0x00007ffa79560000 - 0x00007ffa7962b000 	C:\Windows\System32\OLEAUT32.dll
0x00007ffa74e00000 - 0x00007ffa74e8c000 	C:\Windows\SYSTEM32\apphelp.dll
0x00007ffa75060000 - 0x00007ffa750fc000 	C:\Windows\system32\uxtheme.dll
0x00007ffa7a790000 - 0x00007ffa7a8fa000 	C:\Windows\System32\MSCTF.dll
0x00007ffa75470000 - 0x00007ffa7549e000 	C:\Windows\system32\dwmapi.dll
0x00007ffa77a40000 - 0x00007ffa77c1b000 	C:\Windows\System32\CRYPT32.dll
0x00007ffa76a60000 - 0x00007ffa76a72000 	C:\Windows\System32\MSASN1.dll
0x00007ffa79ad0000 - 0x00007ffa79c25000 	C:\Windows\System32\ole32.dll
0x00007ffa54bb0000 - 0x00007ffa54c39000 	C:\Program Files\Java\jdk-16.0.2\bin\freetype.dll
0x00007ffa54ab0000 - 0x00007ffa54ba6000 	C:\Program Files\Java\jdk-16.0.2\bin\harfbuzz.dll
0x00007ffa54a90000 - 0x00007ffa54aa2000 	C:\Program Files\Java\jdk-16.0.2\bin\fontmanager.dll
0x00007ffa54c40000 - 0x00007ffa54d67000 	C:\Windows\system32\opengl32.dll
0x00007ffa56e00000 - 0x00007ffa56e2c000 	C:\Windows\SYSTEM32\GLU32.dll
0x00007ffa712c0000 - 0x00007ffa712ed000 	C:\Program Files\Java\jdk-16.0.2\bin\javajpeg.dll
0x00007ffa799f0000 - 0x00007ffa79a92000 	C:\Windows\System32\clbcatq.dll
0x00007ffa6ee50000 - 0x00007ffa6f008000 	C:\Windows\SYSTEM32\WindowsCodecs.dll
0x00007ffa5f300000 - 0x00007ffa5f356000 	C:\Windows\system32\dataexchange.dll
0x00007ffa74520000 - 0x00007ffa746e3000 	C:\Windows\system32\dcomp.dll
0x00007ffa73bd0000 - 0x00007ffa73e4e000 	C:\Windows\system32\d3d11.dll
0x00007ffa757a0000 - 0x00007ffa75862000 	C:\Windows\system32\dxgi.dll
0x00007ffa75130000 - 0x00007ffa7533d000 	C:\Windows\system32\twinapi.appcore.dll
0x00007ffa75340000 - 0x00007ffa75368000 	C:\Windows\system32\RMCLIENT.dll
0x00007ffa6fbd0000 - 0x00007ffa6fc65000 	C:\Windows\System32\TextInputFramework.dll
0x00007ffa6ff90000 - 0x00007ffa702b2000 	C:\Windows\System32\CoreUIComponents.dll
0x00007ffa74a60000 - 0x00007ffa74b42000 	C:\Windows\System32\CoreMessaging.dll
0x00007ffa75ae0000 - 0x00007ffa75b11000 	C:\Windows\SYSTEM32\ntmarta.dll
0x00007ffa72da0000 - 0x00007ffa72ef3000 	C:\Windows\SYSTEM32\wintypes.dll

dbghelp: loaded successfully - version: 4.0.5 - missing functions: none
symbol engine: initialized successfully - sym options: 0x614 - pdb path: .;C:\Program Files\Java\jdk-16.0.2\bin;C:\Windows\SYSTEM32;C:\Windows\WinSxS\amd64_microsoft.windows.common-controls_6595b64144ccf1df_6.0.17763.1_none_f040600eff408c2d;C:\Program Files\Java\jdk-16.0.2\bin\server

VM Arguments:
java_command: ventana.VentanaIniciarSesion
java_class_path (initial): C:\Users\alejandro\Desktop\drive-download-20210807T170843Z-001\Proyecto POO\ProyectoAplicacion\target\classes;C:\Users\alejandro\.m2\repository\unknown\binary\AbsoluteLayout\SNAPSHOT\AbsoluteLayout-SNAPSHOT.jar
Launcher Type: SUN_STANDARD

[Global flags]
     intx CICompilerCount                          = 3                                         {product} {ergonomic}
     uint ConcGCThreads                            = 1                                         {product} {ergonomic}
     uint G1ConcRefinementThreads                  = 4                                         {product} {ergonomic}
   size_t G1HeapRegionSize                         = 1048576                                   {product} {ergonomic}
    uintx GCDrainStackTargetSize                   = 64                                        {product} {ergonomic}
   size_t InitialHeapSize                          = 67108864                                  {product} {ergonomic}
   size_t MarkStackSize                            = 4194304                                   {product} {ergonomic}
   size_t MaxHeapSize                              = 1046478848                                {product} {ergonomic}
   size_t MaxNewSize                               = 627048448                                 {product} {ergonomic}
   size_t MinHeapDeltaBytes                        = 1048576                                   {product} {ergonomic}
   size_t MinHeapSize                              = 8388608                                   {product} {ergonomic}
    uintx NonNMethodCodeHeapSize                   = 5832780                                {pd product} {ergonomic}
    uintx NonProfiledCodeHeapSize                  = 122912730                              {pd product} {ergonomic}
    uintx ProfiledCodeHeapSize                     = 122912730                              {pd product} {ergonomic}
    uintx ReservedCodeCacheSize                    = 251658240                              {pd product} {ergonomic}
     bool SegmentedCodeCache                       = true                                      {product} {ergonomic}
   size_t SoftMaxHeapSize                          = 1046478848                             {manageable} {ergonomic}
     bool UseCompressedClassPointers               = true                           {product lp64_product} {ergonomic}
     bool UseCompressedOops                        = true                           {product lp64_product} {ergonomic}
     bool UseG1GC                                  = true                                      {product} {ergonomic}
     bool UseLargePagesIndividualAllocation        = false                                  {pd product} {ergonomic}

Logging:
Log output configuration:
 #0: stdout all=warning uptime,level,tags
 #1: stderr all=off uptime,level,tags

Environment Variables:
JAVA_HOME=C:\Program Files\Java\jdk-16.0.2
PATH=C:\Program Files\Python39\Scripts\;C:\Program Files\Python39\;C:\Program Files\Common Files\Oracle\Java\javapath;C:\Program Files (x86)\Common Files\Oracle\Java\javapath;C:\Windows\system32;C:\Windows;C:\Windows\System32\Wbem;C:\Windows\System32\WindowsPowerShell\v1.0\;C:\Windows\System32\OpenSSH\;C:\Program Files\Git\cmd;C:\Users\alejandro\AppData\Local\Microsoft\WindowsApps;C:\Users\alejandro\AppData\Local\Programs\Microsoft VS Code\bin;C:\Program Files\MongoDB\Server\5.0\bin;
USERNAME=alejandro
OS=Windows_NT
PROCESSOR_IDENTIFIER=Intel64 Family 6 Model 58 Stepping 9, GenuineIntel



---------------  S Y S T E M  ---------------

OS:
 Windows 10 , 64 bit Build 17763 (10.0.17763.1)
OS uptime: 0 days 1:26 hours

CPU: total 4 (initial active 4) (4 cores per cpu, 1 threads per core) family 6 model 58 stepping 9 microcode 0x1f, cx8, cmov, fxsr, mmx, sse, sse2, sse3, ssse3, sse4.1, sse4.2, popcnt, tsc, tscinvbit, avx, aes, erms, clmul, vzeroupper, clflush

Memory: 4k page, system-wide physical 3991M (255M free)
TotalPageFile size 3991M (AvailPageFile size 185M)
current process WorkingSet (physical memory assigned to process): 274M, peak: 274M
current process commit charge ("private bytes"): 328M, peak: 534M

vm_info: Java HotSpot(TM) 64-Bit Server VM (16.0.2+7-67) for windows-amd64 JRE (16.0.2+7-67), built on Jun  8 2021 23:24:19 by "mach5one" with MS VC++ 16.7 (VS2019)

END.
