#
# There is insufficient memory for the Java Runtime Environment to continue.
# Native memory allocation (mmap) failed to map 67108864 bytes for G1 virtual space
# Possible reasons:
#   The system is out of physical RAM or swap space
#   The process is running with CompressedOops enabled, and the Java Heap may be blocking the growth of the native heap
# Possible solutions:
#   Reduce memory load on the system
#   Increase physical memory or swap space
#   Check if swap backing store is full
#   Decrease Java heap size (-Xmx/-Xms)
#   Decrease number of Java threads
#   Decrease Java thread stack sizes (-Xss)
#   Set larger code cache with -XX:ReservedCodeCacheSize=
#   JVM is running with Unscaled Compressed Oops mode in which the Java heap is
#     placed in the first 4GB address space. The Java Heap base address is the
#     maximum limit for the native heap growth. Please use -XX:HeapBaseMinAddress
#     to set the Java Heap base and to place the Java Heap above 4GB virtual address.
# This output file may be truncated or incomplete.
#
#  Out of Memory Error (os_windows.cpp:3466), pid=2628, tid=1256
#
# JRE version:  (16.0.2+7) (build )
# Java VM: Java HotSpot(TM) 64-Bit Server VM (16.0.2+7-67, mixed mode, sharing, tiered, compressed oops, compressed class ptrs, g1 gc, windows-amd64)
# No core dump will be written. Minidumps are not enabled by default on client versions of Windows
#

---------------  S U M M A R Y ------------

Command Line: ventana.VentanaIniciarSesion

Host: Intel(R) Core(TM) i5-3330 CPU @ 3.00GHz, 4 cores, 3G,  Windows 10 , 64 bit Build 17763 (10.0.17763.1)
Time: Fri Aug  6 11:49:52 2021 Hora est. Pacífico, Sudamérica elapsed time: 0.086680 seconds (0d 0h 0m 0s)

---------------  T H R E A D  ---------------

Current thread (0x000001bdbb8dfa80):  JavaThread "Unknown thread" [_thread_in_vm, id=1256, stack(0x000000a255700000,0x000000a255800000)]

Stack: [0x000000a255700000,0x000000a255800000]
Native frames: (J=compiled Java code, j=interpreted, Vv=VM code, C=native code)
V  [jvm.dll+0x6681ca]
V  [jvm.dll+0x7c9e69]
V  [jvm.dll+0x7cb61e]
V  [jvm.dll+0x7cbc73]
V  [jvm.dll+0x242c55]
V  [jvm.dll+0x664f89]
V  [jvm.dll+0x659b75]
V  [jvm.dll+0x2fbfbb]
V  [jvm.dll+0x3031b6]
V  [jvm.dll+0x35299e]
V  [jvm.dll+0x352bcf]
V  [jvm.dll+0x2d3028]
V  [jvm.dll+0x2d4264]
V  [jvm.dll+0x79c741]
V  [jvm.dll+0x360791]
V  [jvm.dll+0x77a3f0]
V  [jvm.dll+0x3e4e8f]
V  [jvm.dll+0x3e6961]
C  [jli.dll+0x52fb]
C  [ucrtbase.dll+0x203ba]
C  [KERNEL32.DLL+0x17e94]
C  [ntdll.dll+0x67ad1]


---------------  P R O C E S S  ---------------

Threads class SMR info:
_java_thread_list=0x00007ffae958cbb8, length=0, elements={
}

Java Threads: ( => current thread )

Other Threads:
  0x000001bdbb90d870 GCTaskThread "GC Thread#0" [stack: 0x000000a255800000,0x000000a255900000] [id=3012]
  0x000001bdbb9184a0 ConcurrentGCThread "G1 Main Marker" [stack: 0x000000a255900000,0x000000a255a00000] [id=1968]
  0x000001bdbb919960 ConcurrentGCThread "G1 Conc#0" [stack: 0x000000a255a00000,0x000000a255b00000] [id=5232]

[error occurred during error reporting (printing all threads), id 0xc0000005, EXCEPTION_ACCESS_VIOLATION (0xc0000005) at pc=0x00007ffae8d63ee7]

VM state: not at safepoint (not fully initialized)

VM Mutex/Monitor currently owned by a thread:  ([mutex/lock_event])
[0x000001bdbb8dc430] Heap_lock - owner thread: 0x000001bdbb8dfa80

Heap address: 0x00000000c1a00000, size: 998 MB, Compressed Oops mode: 32-bit

CDS archive(s) mapped at: [0x0000000000000000-0x0000000000000000-0x0000000000000000), size 0, SharedBaseAddress: 0x0000000800000000, ArchiveRelocationMode: 0.
Narrow klass base: 0x0000000000000000, Narrow klass shift: 0, Narrow klass range: 0x0

GC Precious Log:
<Empty>

Heap:
 garbage-first heap   total 0K, used 0K [0x00000000c1a00000, 0x0000000100000000)
  region size 1024K, 0 young (0K), 0 survivors (0K)

[error occurred during error reporting (printing heap information), id 0xc0000005, EXCEPTION_ACCESS_VIOLATION (0xc0000005) at pc=0x00007ffae9141eed]

GC Heap History (0 events):
No events

Deoptimization events (0 events):
No events

Classes unloaded (0 events):
No events

Classes redefined (0 events):
No events

Internal exceptions (0 events):
No events

Events (1 events):
Event: 0.005 Loaded shared library C:\Program Files\Java\jdk-16.0.2\bin\java.dll


Dynamic libraries:
0x00007ff67bb50000 - 0x00007ff67bb60000 	C:\Program Files\Java\jdk-16.0.2\bin\java.exe
0x00007ffb25400000 - 0x00007ffb255ed000 	C:\Windows\SYSTEM32\ntdll.dll
0x00007ffb23cc0000 - 0x00007ffb23d73000 	C:\Windows\System32\KERNEL32.DLL
0x00007ffb21730000 - 0x00007ffb219c3000 	C:\Windows\System32\KERNELBASE.dll
0x00007ffb21500000 - 0x00007ffb215fc000 	C:\Windows\System32\ucrtbase.dll
0x00007ffb1f1c0000 - 0x00007ffb1f1d8000 	C:\Program Files\Java\jdk-16.0.2\bin\jli.dll
0x00007ffb23c10000 - 0x00007ffb23cb3000 	C:\Windows\System32\ADVAPI32.dll
0x00007ffb22af0000 - 0x00007ffb22b8e000 	C:\Windows\System32\msvcrt.dll
0x00007ffb25270000 - 0x00007ffb2530e000 	C:\Windows\System32\sechost.dll
0x00007ffaf52e0000 - 0x00007ffaf52f9000 	C:\Program Files\Java\jdk-16.0.2\bin\VCRUNTIME140.dll
0x00007ffb23850000 - 0x00007ffb23973000 	C:\Windows\System32\RPCRT4.dll
0x00007ffb22890000 - 0x00007ffb22a27000 	C:\Windows\System32\USER32.dll
0x00007ffb22420000 - 0x00007ffb22440000 	C:\Windows\System32\win32u.dll
0x00007ffb22ac0000 - 0x00007ffb22ae9000 	C:\Windows\System32\GDI32.dll
0x00007ffb11dd0000 - 0x00007ffb12049000 	C:\Windows\WinSxS\amd64_microsoft.windows.common-controls_6595b64144ccf1df_6.0.17763.1_none_f040600eff408c2d\COMCTL32.dll
0x00007ffb22490000 - 0x00007ffb2262a000 	C:\Windows\System32\gdi32full.dll
0x00007ffb22380000 - 0x00007ffb22420000 	C:\Windows\System32\msvcp_win.dll
0x00007ffb22dd0000 - 0x00007ffb230fe000 	C:\Windows\System32\combase.dll
0x00007ffb22120000 - 0x00007ffb2219e000 	C:\Windows\System32\bcryptPrimitives.dll
0x00007ffb15eb0000 - 0x00007ffb15eba000 	C:\Windows\SYSTEM32\VERSION.dll
0x00007ffb25370000 - 0x00007ffb2539e000 	C:\Windows\System32\IMM32.DLL
0x00007ffb0f250000 - 0x00007ffb0f25c000 	C:\Program Files\Java\jdk-16.0.2\bin\vcruntime140_1.dll
0x00007ffaea9f0000 - 0x00007ffaeaa81000 	C:\Program Files\Java\jdk-16.0.2\bin\msvcp140.dll
0x00007ffae8a80000 - 0x00007ffae962b000 	C:\Program Files\Java\jdk-16.0.2\bin\server\jvm.dll
0x00007ffb253a0000 - 0x00007ffb253a8000 	C:\Windows\System32\PSAPI.DLL
0x00007ffb0f710000 - 0x00007ffb0f719000 	C:\Windows\SYSTEM32\WSOCK32.dll
0x00007ffb1ef20000 - 0x00007ffb1ef44000 	C:\Windows\SYSTEM32\WINMM.dll
0x00007ffb23ba0000 - 0x00007ffb23c0d000 	C:\Windows\System32\WS2_32.dll
0x00007ffb1e8f0000 - 0x00007ffb1e91d000 	C:\Windows\SYSTEM32\winmmbase.dll
0x00007ffb22440000 - 0x00007ffb2248a000 	C:\Windows\System32\cfgmgr32.dll
0x00007ffb21400000 - 0x00007ffb21411000 	C:\Windows\System32\kernel.appcore.dll
0x00007ffb0efd0000 - 0x00007ffb0efda000 	C:\Program Files\Java\jdk-16.0.2\bin\jimage.dll
0x00007ffb13950000 - 0x00007ffb13b3d000 	C:\Windows\SYSTEM32\DBGHELP.DLL
0x00007ffb136b0000 - 0x00007ffb136da000 	C:\Windows\SYSTEM32\dbgcore.DLL
0x00007ffae8a10000 - 0x00007ffae8a35000 	C:\Program Files\Java\jdk-16.0.2\bin\java.dll

dbghelp: loaded successfully - version: 4.0.5 - missing functions: none
symbol engine: initialized successfully - sym options: 0x614 - pdb path: .;C:\Program Files\Java\jdk-16.0.2\bin;C:\Windows\SYSTEM32;C:\Windows\WinSxS\amd64_microsoft.windows.common-controls_6595b64144ccf1df_6.0.17763.1_none_f040600eff408c2d;C:\Program Files\Java\jdk-16.0.2\bin\server

VM Arguments:
java_command: ventana.VentanaIniciarSesion
java_class_path (initial): C:\Users\alejandro\Desktop\Proyecto POO\ProyectoAplicacion\target\classes
Launcher Type: SUN_STANDARD

[Global flags]
     intx CICompilerCount                          = 3                                         {product} {ergonomic}
     uint ConcGCThreads                            = 1                                         {product} {ergonomic}
     uint G1ConcRefinementThreads                  = 4                                         {product} {ergonomic}
   size_t G1HeapRegionSize                         = 1048576                                   {product} {ergonomic}
    uintx GCDrainStackTargetSize                   = 64                                        {product} {ergonomic}
   size_t InitialHeapSize                          = 67108864                                  {product} {ergonomic}
   size_t MarkStackSize                            = 4194304                                   {product} {ergonomic}
   size_t MaxHeapSize                              = 1046478848                                {product} {ergonomic}
   size_t MinHeapDeltaBytes                        = 1048576                                   {product} {ergonomic}
   size_t MinHeapSize                              = 8388608                                   {product} {ergonomic}
    uintx NonNMethodCodeHeapSize                   = 5832780                                {pd product} {ergonomic}
    uintx NonProfiledCodeHeapSize                  = 122912730                              {pd product} {ergonomic}
    uintx ProfiledCodeHeapSize                     = 122912730                              {pd product} {ergonomic}
    uintx ReservedCodeCacheSize                    = 251658240                              {pd product} {ergonomic}
     bool SegmentedCodeCache                       = true                                      {product} {ergonomic}
   size_t SoftMaxHeapSize                          = 1046478848                             {manageable} {ergonomic}
     bool UseCompressedClassPointers               = true                           {product lp64_product} {ergonomic}
     bool UseCompressedOops                        = true                           {product lp64_product} {ergonomic}
     bool UseG1GC                                  = true                                      {product} {ergonomic}
     bool UseLargePagesIndividualAllocation        = false                                  {pd product} {ergonomic}

Logging:
Log output configuration:
 #0: stdout all=warning uptime,level,tags
 #1: stderr all=off uptime,level,tags

Environment Variables:
JAVA_HOME=C:\Program Files\Java\jdk-16.0.2
PATH=C:\Program Files\Python39\Scripts\;C:\Program Files\Python39\;C:\Program Files\Common Files\Oracle\Java\javapath;C:\Windows\system32;C:\Windows;C:\Windows\System32\Wbem;C:\Windows\System32\WindowsPowerShell\v1.0\;C:\Windows\System32\OpenSSH\;C:\Program Files\Git\cmd;C:\Users\alejandro\AppData\Local\Microsoft\WindowsApps;C:\Program Files\MongoDB\Server\5.0\bin;C:\Users\alejandro\AppData\Local\Programs\Microsoft VS Code\bin;C:\Users\alejandro\AppData\Local\GitHubDesktop\bin
USERNAME=alejandro
OS=Windows_NT
PROCESSOR_IDENTIFIER=Intel64 Family 6 Model 58 Stepping 9, GenuineIntel



---------------  S Y S T E M  ---------------

OS:
 Windows 10 , 64 bit Build 17763 (10.0.17763.1)
OS uptime: 0 days 1:32 hours

CPU: total 4 (initial active 4) (4 cores per cpu, 1 threads per core) family 6 model 58 stepping 9 microcode 0x1f, cx8, cmov, fxsr, mmx, sse, sse2, sse3, ssse3, sse4.1, sse4.2, popcnt, tsc, tscinvbit, avx, aes, erms, clmul, vzeroupper, clflush

Memory: 4k page, system-wide physical 3991M (114M free)
TotalPageFile size 3991M (AvailPageFile size 67M)
current process WorkingSet (physical memory assigned to process): 9M, peak: 9M
current process commit charge ("private bytes"): 51M, peak: 115M

vm_info: Java HotSpot(TM) 64-Bit Server VM (16.0.2+7-67) for windows-amd64 JRE (16.0.2+7-67), built on Jun  8 2021 23:24:19 by "mach5one" with MS VC++ 16.7 (VS2019)

END.
