#
# There is insufficient memory for the Java Runtime Environment to continue.
# Native memory allocation (mmap) failed to map 65536 bytes for Failed to commit metaspace.
# Possible reasons:
#   The system is out of physical RAM or swap space
#   The process is running with CompressedOops enabled, and the Java Heap may be blocking the growth of the native heap
# Possible solutions:
#   Reduce memory load on the system
#   Increase physical memory or swap space
#   Check if swap backing store is full
#   Decrease Java heap size (-Xmx/-Xms)
#   Decrease number of Java threads
#   Decrease Java thread stack sizes (-Xss)
#   Set larger code cache with -XX:ReservedCodeCacheSize=
#   JVM is running with Unscaled Compressed Oops mode in which the Java heap is
#     placed in the first 4GB address space. The Java Heap base address is the
#     maximum limit for the native heap growth. Please use -XX:HeapBaseMinAddress
#     to set the Java Heap base and to place the Java Heap above 4GB virtual address.
# This output file may be truncated or incomplete.
#
#  Out of Memory Error (virtualSpaceNode.cpp:108), pid=156, tid=5184
#
# JRE version: Java(TM) SE Runtime Environment (16.0.2+7) (build 16.0.2+7-67)
# Java VM: Java HotSpot(TM) 64-Bit Server VM (16.0.2+7-67, mixed mode, tiered, compressed oops, compressed class ptrs, g1 gc, windows-amd64)
# No core dump will be written. Minidumps are not enabled by default on client versions of Windows
#

---------------  S U M M A R Y ------------

Command Line: ventana.VentanaIniciarSesion

Host: Intel(R) Core(TM) i5-3330 CPU @ 3.00GHz, 4 cores, 3G,  Windows 10 , 64 bit Build 17763 (10.0.17763.1)
Time: Fri Aug  6 12:36:18 2021 Hora est. Pacífico, Sudamérica elapsed time: 0.190315 seconds (0d 0h 0m 0s)

---------------  T H R E A D  ---------------

Current thread (0x00000270babd2a40):  JavaThread "main" [_thread_in_vm, id=5184, stack(0x000000c1c2b00000,0x000000c1c2c00000)]

Stack: [0x000000c1c2b00000,0x000000c1c2c00000]
Native frames: (J=compiled Java code, j=interpreted, Vv=VM code, C=native code)
V  [jvm.dll+0x6681ca]
V  [jvm.dll+0x7c9e69]
V  [jvm.dll+0x7cb61e]
V  [jvm.dll+0x7cbc73]
V  [jvm.dll+0x242c55]
V  [jvm.dll+0x7c64eb]
V  [jvm.dll+0x60ddd6]
V  [jvm.dll+0x60de3a]
V  [jvm.dll+0x61046a]
V  [jvm.dll+0x60e6d1]
V  [jvm.dll+0x2406bc]
V  [jvm.dll+0x6bf02d]
V  [jvm.dll+0x6bfa4f]
V  [jvm.dll+0x367023]
V  [jvm.dll+0x366252]
V  [jvm.dll+0x3661f8]
V  [jvm.dll+0x553f5b]
V  [jvm.dll+0x554008]
V  [jvm.dll+0x37953e]
V  [jvm.dll+0x378fd2]
C  0x00000270c3b39448

Java frames: (J=compiled Java code, j=interpreted, Vv=VM code)
j  java.lang.invoke.MethodHandle.<clinit>()V+16 java.base
v  ~StubRoutines::call_stub

---------------  P R O C E S S  ---------------

Threads class SMR info:
_java_thread_list=0x00000270d7cc7de0, length=10, elements={
0x00000270babd2a40, 0x00000270d7cbf260, 0x00000270d7cbfe30, 0x00000270d7cef800,
0x00000270d8802490, 0x00000270d88031b0, 0x00000270d8804ad0, 0x00000270d8805710,
0x00000270d881a010, 0x00000270d8823aa0
}

Java Threads: ( => current thread )
=>0x00000270babd2a40 JavaThread "main" [_thread_in_vm, id=5184, stack(0x000000c1c2b00000,0x000000c1c2c00000)]
  0x00000270d7cbf260 JavaThread "Reference Handler" daemon [_thread_blocked, id=5700, stack(0x000000c1c3200000,0x000000c1c3300000)]
  0x00000270d7cbfe30 JavaThread "Finalizer" daemon [_thread_blocked, id=6120, stack(0x000000c1c3300000,0x000000c1c3400000)]
  0x00000270d7cef800 JavaThread "Signal Dispatcher" daemon [_thread_blocked, id=4192, stack(0x000000c1c3400000,0x000000c1c3500000)]
  0x00000270d8802490 JavaThread "Attach Listener" daemon [_thread_blocked, id=1564, stack(0x000000c1c3500000,0x000000c1c3600000)]
  0x00000270d88031b0 JavaThread "Service Thread" daemon [_thread_blocked, id=5044, stack(0x000000c1c3600000,0x000000c1c3700000)]
  0x00000270d8804ad0 JavaThread "Monitor Deflation Thread" daemon [_thread_blocked, id=4156, stack(0x000000c1c3700000,0x000000c1c3800000)]
  0x00000270d8805710 JavaThread "C2 CompilerThread0" daemon [_thread_blocked, id=3564, stack(0x000000c1c3800000,0x000000c1c3900000)]
  0x00000270d881a010 JavaThread "C1 CompilerThread0" daemon [_thread_blocked, id=5268, stack(0x000000c1c3900000,0x000000c1c3a00000)]
  0x00000270d8823aa0 JavaThread "Sweeper thread" daemon [_thread_blocked, id=1336, stack(0x000000c1c3a00000,0x000000c1c3b00000)]

Other Threads:
  0x00000270d7ca77c0 VMThread "VM Thread" [stack: 0x000000c1c3100000,0x000000c1c3200000] [id=5176]
  0x00000270babffe80 GCTaskThread "GC Thread#0" [stack: 0x000000c1c2c00000,0x000000c1c2d00000] [id=5036]
  0x00000270bac09aa0 ConcurrentGCThread "G1 Main Marker" [stack: 0x000000c1c2d00000,0x000000c1c2e00000] [id=4324]
  0x00000270bac0af60 ConcurrentGCThread "G1 Conc#0" [stack: 0x000000c1c2e00000,0x000000c1c2f00000] [id=2864]
  0x00000270bac96c40 ConcurrentGCThread "G1 Refine#0" [stack: 0x000000c1c2f00000,0x000000c1c3000000] [id=1672]
  0x00000270bac974d0 ConcurrentGCThread "G1 Service" [stack: 0x000000c1c3000000,0x000000c1c3100000] [id=5456]

Threads with active compile tasks:

VM state: not at safepoint (normal execution)

VM Mutex/Monitor currently owned by a thread:  ([mutex/lock_event])
[0x00000270babce3f0] MetaspaceExpand_lock - owner thread: 0x00000270babd2a40

Heap address: 0x00000000c1a00000, size: 998 MB, Compressed Oops mode: 32-bit

CDS disabled.
Compressed class space mapped at: 0x0000000100000000-0x0000000140000000, reserved size: 1073741824
Narrow klass base: 0x0000000000000000, Narrow klass shift: 3, Narrow klass range: 0x140000000

GC Precious Log:
 CPUs: 4 total, 4 available
 Memory: 3991M
 Large Page Support: Disabled
 NUMA Support: Disabled
 Compressed Oops: Enabled (32-bit)
 Heap Region Size: 1M
 Heap Min Capacity: 8M
 Heap Initial Capacity: 64M
 Heap Max Capacity: 998M
 Pre-touch: Disabled
 Parallel Workers: 4
 Concurrent Workers: 1
 Concurrent Refinement Workers: 4
 Periodic GC: Disabled

Heap:
 garbage-first heap   total 65536K, used 0K [0x00000000c1a00000, 0x0000000100000000)
  region size 1024K, 1 young (1024K), 0 survivors (0K)
 Metaspace       used 2634K, committed 2688K, reserved 1056768K
  class space    used 203K, committed 256K, reserved 1048576K

Heap Regions: E=young(eden), S=young(survivor), O=old, HS=humongous(starts), HC=humongous(continues), CS=collection set, F=free, OA=open archive, CA=closed archive, TAMS=top-at-mark-start (previous, next)
|   0|0x00000000c1a00000, 0x00000000c1a00000, 0x00000000c1b00000|  0%| F|  |TAMS 0x00000000c1a00000, 0x00000000c1a00000| Untracked 
|   1|0x00000000c1b00000, 0x00000000c1b00000, 0x00000000c1c00000|  0%| F|  |TAMS 0x00000000c1b00000, 0x00000000c1b00000| Untracked 
|   2|0x00000000c1c00000, 0x00000000c1c00000, 0x00000000c1d00000|  0%| F|  |TAMS 0x00000000c1c00000, 0x00000000c1c00000| Untracked 
|   3|0x00000000c1d00000, 0x00000000c1d00000, 0x00000000c1e00000|  0%| F|  |TAMS 0x00000000c1d00000, 0x00000000c1d00000| Untracked 
|   4|0x00000000c1e00000, 0x00000000c1e00000, 0x00000000c1f00000|  0%| F|  |TAMS 0x00000000c1e00000, 0x00000000c1e00000| Untracked 
|   5|0x00000000c1f00000, 0x00000000c1f00000, 0x00000000c2000000|  0%| F|  |TAMS 0x00000000c1f00000, 0x00000000c1f00000| Untracked 
|   6|0x00000000c2000000, 0x00000000c2000000, 0x00000000c2100000|  0%| F|  |TAMS 0x00000000c2000000, 0x00000000c2000000| Untracked 
|   7|0x00000000c2100000, 0x00000000c2100000, 0x00000000c2200000|  0%| F|  |TAMS 0x00000000c2100000, 0x00000000c2100000| Untracked 
|   8|0x00000000c2200000, 0x00000000c2200000, 0x00000000c2300000|  0%| F|  |TAMS 0x00000000c2200000, 0x00000000c2200000| Untracked 
|   9|0x00000000c2300000, 0x00000000c2300000, 0x00000000c2400000|  0%| F|  |TAMS 0x00000000c2300000, 0x00000000c2300000| Untracked 
|  10|0x00000000c2400000, 0x00000000c2400000, 0x00000000c2500000|  0%| F|  |TAMS 0x00000000c2400000, 0x00000000c2400000| Untracked 
|  11|0x00000000c2500000, 0x00000000c2500000, 0x00000000c2600000|  0%| F|  |TAMS 0x00000000c2500000, 0x00000000c2500000| Untracked 
|  12|0x00000000c2600000, 0x00000000c2600000, 0x00000000c2700000|  0%| F|  |TAMS 0x00000000c2600000, 0x00000000c2600000| Untracked 
|  13|0x00000000c2700000, 0x00000000c2700000, 0x00000000c2800000|  0%| F|  |TAMS 0x00000000c2700000, 0x00000000c2700000| Untracked 
|  14|0x00000000c2800000, 0x00000000c2800000, 0x00000000c2900000|  0%| F|  |TAMS 0x00000000c2800000, 0x00000000c2800000| Untracked 
|  15|0x00000000c2900000, 0x00000000c2900000, 0x00000000c2a00000|  0%| F|  |TAMS 0x00000000c2900000, 0x00000000c2900000| Untracked 
|  16|0x00000000c2a00000, 0x00000000c2a00000, 0x00000000c2b00000|  0%| F|  |TAMS 0x00000000c2a00000, 0x00000000c2a00000| Untracked 
|  17|0x00000000c2b00000, 0x00000000c2b00000, 0x00000000c2c00000|  0%| F|  |TAMS 0x00000000c2b00000, 0x00000000c2b00000| Untracked 
|  18|0x00000000c2c00000, 0x00000000c2c00000, 0x00000000c2d00000|  0%| F|  |TAMS 0x00000000c2c00000, 0x00000000c2c00000| Untracked 
|  19|0x00000000c2d00000, 0x00000000c2d00000, 0x00000000c2e00000|  0%| F|  |TAMS 0x00000000c2d00000, 0x00000000c2d00000| Untracked 
|  20|0x00000000c2e00000, 0x00000000c2e00000, 0x00000000c2f00000|  0%| F|  |TAMS 0x00000000c2e00000, 0x00000000c2e00000| Untracked 
|  21|0x00000000c2f00000, 0x00000000c2f00000, 0x00000000c3000000|  0%| F|  |TAMS 0x00000000c2f00000, 0x00000000c2f00000| Untracked 
|  22|0x00000000c3000000, 0x00000000c3000000, 0x00000000c3100000|  0%| F|  |TAMS 0x00000000c3000000, 0x00000000c3000000| Untracked 
|  23|0x00000000c3100000, 0x00000000c3100000, 0x00000000c3200000|  0%| F|  |TAMS 0x00000000c3100000, 0x00000000c3100000| Untracked 
|  24|0x00000000c3200000, 0x00000000c3200000, 0x00000000c3300000|  0%| F|  |TAMS 0x00000000c3200000, 0x00000000c3200000| Untracked 
|  25|0x00000000c3300000, 0x00000000c3300000, 0x00000000c3400000|  0%| F|  |TAMS 0x00000000c3300000, 0x00000000c3300000| Untracked 
|  26|0x00000000c3400000, 0x00000000c3400000, 0x00000000c3500000|  0%| F|  |TAMS 0x00000000c3400000, 0x00000000c3400000| Untracked 
|  27|0x00000000c3500000, 0x00000000c3500000, 0x00000000c3600000|  0%| F|  |TAMS 0x00000000c3500000, 0x00000000c3500000| Untracked 
|  28|0x00000000c3600000, 0x00000000c3600000, 0x00000000c3700000|  0%| F|  |TAMS 0x00000000c3600000, 0x00000000c3600000| Untracked 
|  29|0x00000000c3700000, 0x00000000c3700000, 0x00000000c3800000|  0%| F|  |TAMS 0x00000000c3700000, 0x00000000c3700000| Untracked 
|  30|0x00000000c3800000, 0x00000000c3800000, 0x00000000c3900000|  0%| F|  |TAMS 0x00000000c3800000, 0x00000000c3800000| Untracked 
|  31|0x00000000c3900000, 0x00000000c3900000, 0x00000000c3a00000|  0%| F|  |TAMS 0x00000000c3900000, 0x00000000c3900000| Untracked 
|  32|0x00000000c3a00000, 0x00000000c3a00000, 0x00000000c3b00000|  0%| F|  |TAMS 0x00000000c3a00000, 0x00000000c3a00000| Untracked 
|  33|0x00000000c3b00000, 0x00000000c3b00000, 0x00000000c3c00000|  0%| F|  |TAMS 0x00000000c3b00000, 0x00000000c3b00000| Untracked 
|  34|0x00000000c3c00000, 0x00000000c3c00000, 0x00000000c3d00000|  0%| F|  |TAMS 0x00000000c3c00000, 0x00000000c3c00000| Untracked 
|  35|0x00000000c3d00000, 0x00000000c3d00000, 0x00000000c3e00000|  0%| F|  |TAMS 0x00000000c3d00000, 0x00000000c3d00000| Untracked 
|  36|0x00000000c3e00000, 0x00000000c3e00000, 0x00000000c3f00000|  0%| F|  |TAMS 0x00000000c3e00000, 0x00000000c3e00000| Untracked 
|  37|0x00000000c3f00000, 0x00000000c3f00000, 0x00000000c4000000|  0%| F|  |TAMS 0x00000000c3f00000, 0x00000000c3f00000| Untracked 
|  38|0x00000000c4000000, 0x00000000c4000000, 0x00000000c4100000|  0%| F|  |TAMS 0x00000000c4000000, 0x00000000c4000000| Untracked 
|  39|0x00000000c4100000, 0x00000000c4100000, 0x00000000c4200000|  0%| F|  |TAMS 0x00000000c4100000, 0x00000000c4100000| Untracked 
|  40|0x00000000c4200000, 0x00000000c4200000, 0x00000000c4300000|  0%| F|  |TAMS 0x00000000c4200000, 0x00000000c4200000| Untracked 
|  41|0x00000000c4300000, 0x00000000c4300000, 0x00000000c4400000|  0%| F|  |TAMS 0x00000000c4300000, 0x00000000c4300000| Untracked 
|  42|0x00000000c4400000, 0x00000000c4400000, 0x00000000c4500000|  0%| F|  |TAMS 0x00000000c4400000, 0x00000000c4400000| Untracked 
|  43|0x00000000c4500000, 0x00000000c4500000, 0x00000000c4600000|  0%| F|  |TAMS 0x00000000c4500000, 0x00000000c4500000| Untracked 
|  44|0x00000000c4600000, 0x00000000c4600000, 0x00000000c4700000|  0%| F|  |TAMS 0x00000000c4600000, 0x00000000c4600000| Untracked 
|  45|0x00000000c4700000, 0x00000000c4700000, 0x00000000c4800000|  0%| F|  |TAMS 0x00000000c4700000, 0x00000000c4700000| Untracked 
|  46|0x00000000c4800000, 0x00000000c4800000, 0x00000000c4900000|  0%| F|  |TAMS 0x00000000c4800000, 0x00000000c4800000| Untracked 
|  47|0x00000000c4900000, 0x00000000c4900000, 0x00000000c4a00000|  0%| F|  |TAMS 0x00000000c4900000, 0x00000000c4900000| Untracked 
|  48|0x00000000c4a00000, 0x00000000c4a00000, 0x00000000c4b00000|  0%| F|  |TAMS 0x00000000c4a00000, 0x00000000c4a00000| Untracked 
|  49|0x00000000c4b00000, 0x00000000c4b00000, 0x00000000c4c00000|  0%| F|  |TAMS 0x00000000c4b00000, 0x00000000c4b00000| Untracked 
|  50|0x00000000c4c00000, 0x00000000c4c00000, 0x00000000c4d00000|  0%| F|  |TAMS 0x00000000c4c00000, 0x00000000c4c00000| Untracked 
|  51|0x00000000c4d00000, 0x00000000c4d00000, 0x00000000c4e00000|  0%| F|  |TAMS 0x00000000c4d00000, 0x00000000c4d00000| Untracked 
|  52|0x00000000c4e00000, 0x00000000c4e00000, 0x00000000c4f00000|  0%| F|  |TAMS 0x00000000c4e00000, 0x00000000c4e00000| Untracked 
|  53|0x00000000c4f00000, 0x00000000c4f00000, 0x00000000c5000000|  0%| F|  |TAMS 0x00000000c4f00000, 0x00000000c4f00000| Untracked 
|  54|0x00000000c5000000, 0x00000000c5000000, 0x00000000c5100000|  0%| F|  |TAMS 0x00000000c5000000, 0x00000000c5000000| Untracked 
|  55|0x00000000c5100000, 0x00000000c5100000, 0x00000000c5200000|  0%| F|  |TAMS 0x00000000c5100000, 0x00000000c5100000| Untracked 
|  56|0x00000000c5200000, 0x00000000c5200000, 0x00000000c5300000|  0%| F|  |TAMS 0x00000000c5200000, 0x00000000c5200000| Untracked 
|  57|0x00000000c5300000, 0x00000000c5300000, 0x00000000c5400000|  0%| F|  |TAMS 0x00000000c5300000, 0x00000000c5300000| Untracked 
|  58|0x00000000c5400000, 0x00000000c5400000, 0x00000000c5500000|  0%| F|  |TAMS 0x00000000c5400000, 0x00000000c5400000| Untracked 
|  59|0x00000000c5500000, 0x00000000c5500000, 0x00000000c5600000|  0%| F|  |TAMS 0x00000000c5500000, 0x00000000c5500000| Untracked 
|  60|0x00000000c5600000, 0x00000000c5600000, 0x00000000c5700000|  0%| F|  |TAMS 0x00000000c5600000, 0x00000000c5600000| Untracked 
|  61|0x00000000c5700000, 0x00000000c5700000, 0x00000000c5800000|  0%| F|  |TAMS 0x00000000c5700000, 0x00000000c5700000| Untracked 
|  62|0x00000000c5800000, 0x00000000c5800000, 0x00000000c5900000|  0%| F|  |TAMS 0x00000000c5800000, 0x00000000c5800000| Untracked 
|  63|0x00000000c5900000, 0x00000000c59852b8, 0x00000000c5a00000| 52%| E|  |TAMS 0x00000000c5900000, 0x00000000c5900000| Complete 

Card table byte_map: [0x00000270d3340000,0x00000270d3540000] _byte_map_base: 0x00000270d2d33000

Marking Bits (Prev, Next): (CMBitMap*) 0x00000270bac01390, (CMBitMap*) 0x00000270bac013d0
 Prev Bits: [0x00000270d3740000, 0x00000270d46d8000)
 Next Bits: [0x00000270d46e0000, 0x00000270d5678000)

Polling page: 0x00000270baca0000

Metaspace:

Usage:
  Non-class:      2.37 MB used.
      Class:    203.21 KB used.
       Both:      2.57 MB used.

Virtual space:
  Non-class space:        8.00 MB reserved,       2.38 MB ( 30%) committed,  1 nodes.
      Class space:        1.00 GB reserved,     256.00 KB ( <1%) committed,  1 nodes.
              Both:        1.01 GB reserved,       2.63 MB ( <1%) committed. 

Chunk freelists:
   Non-Class:  0 bytes
       Class:  3.75 MB
        Both:  3.75 MB

MaxMetaspaceSize: 17179869184.00 GB
CompressedClassSpaceSize: 1.00 GB
 - commit_granule_bytes: 65536.
 - commit_granule_words: 8192.
 - virtual_space_node_default_size: 1048576.
 - enlarge_chunks_in_place: 1.
 - new_chunks_are_fully_committed: 0.
 - uncommit_free_chunks: 1.
 - use_allocation_guard: 0.
 - handle_deallocations: 1.


Internal statistics:

num_allocs_failed_limit: 0.
num_arena_births: 2.
num_arena_deaths: 0.
num_vsnodes_births: 2.
num_vsnodes_deaths: 0.
num_space_committed: 42.
num_space_uncommitted: 0.
num_chunks_returned_to_freelist: 0.
num_chunks_taken_from_freelist: 3.
num_chunk_merges: 0.
num_chunk_splits: 1.
num_chunks_enlarged: 0.
num_purges: 0.

CodeHeap 'non-profiled nmethods': size=120000Kb used=0Kb max_used=0Kb free=120000Kb
 bounds [0x00000270cb5f0000, 0x00000270cb860000, 0x00000270d2b20000]
CodeHeap 'profiled nmethods': size=120000Kb used=0Kb max_used=0Kb free=120000Kb
 bounds [0x00000270c40c0000, 0x00000270c4330000, 0x00000270cb5f0000]
CodeHeap 'non-nmethods': size=5760Kb used=1011Kb max_used=1025Kb free=4748Kb
 bounds [0x00000270c3b20000, 0x00000270c3d90000, 0x00000270c40c0000]
 total_blobs=256 nmethods=0 adapters=170
 compilation: enabled
              stopped_count=0, restarted_count=0
 full_count=0

Compilation events (0 events):
No events

GC Heap History (0 events):
No events

Deoptimization events (0 events):
No events

Classes unloaded (0 events):
No events

Classes redefined (0 events):
No events

Internal exceptions (0 events):
No events

Events (20 events):
Event: 0.163 loading class java/lang/System$2 done
Event: 0.163 loading class java/util/Collections
Event: 0.163 loading class java/util/Collections done
Event: 0.163 loading class java/util/Collections$EmptySet
Event: 0.163 loading class java/util/Collections$EmptySet done
Event: 0.163 loading class java/util/Collections$EmptyList
Event: 0.163 loading class java/util/Collections$EmptyList done
Event: 0.163 loading class java/util/Collections$EmptyMap
Event: 0.163 loading class java/util/Collections$EmptyMap done
Event: 0.163 loading class java/lang/IllegalArgumentException
Event: 0.163 loading class java/lang/IllegalArgumentException done
Event: 0.164 Thread 0x00000270d7cef800 Thread added: 0x00000270d7cef800
Event: 0.164 Thread 0x00000270d8802490 Thread added: 0x00000270d8802490
Event: 0.164 Thread 0x00000270d88031b0 Thread added: 0x00000270d88031b0
Event: 0.164 Thread 0x00000270d8804ad0 Thread added: 0x00000270d8804ad0
Event: 0.164 Thread 0x00000270d8805710 Thread added: 0x00000270d8805710
Event: 0.164 Thread 0x00000270d881a010 Thread added: 0x00000270d881a010
Event: 0.164 Thread 0x00000270d8823aa0 Thread added: 0x00000270d8823aa0
Event: 0.164 loading class java/lang/invoke/MethodHandleStatics
Event: 0.164 loading class java/lang/invoke/MethodHandleStatics done


Dynamic libraries:
0x00007ff6ec370000 - 0x00007ff6ec380000 	C:\Program Files\Java\jdk-16.0.2\bin\java.exe
0x00007ffb25400000 - 0x00007ffb255ed000 	C:\Windows\SYSTEM32\ntdll.dll
0x00007ffb23cc0000 - 0x00007ffb23d73000 	C:\Windows\System32\KERNEL32.DLL
0x00007ffb21730000 - 0x00007ffb219c3000 	C:\Windows\System32\KERNELBASE.dll
0x00007ffb21500000 - 0x00007ffb215fc000 	C:\Windows\System32\ucrtbase.dll
0x00007ffb05670000 - 0x00007ffb05688000 	C:\Program Files\Java\jdk-16.0.2\bin\jli.dll
0x00007ffb23c10000 - 0x00007ffb23cb3000 	C:\Windows\System32\ADVAPI32.dll
0x00007ffb22af0000 - 0x00007ffb22b8e000 	C:\Windows\System32\msvcrt.dll
0x00007ffb25270000 - 0x00007ffb2530e000 	C:\Windows\System32\sechost.dll
0x00007ffb1f150000 - 0x00007ffb1f169000 	C:\Program Files\Java\jdk-16.0.2\bin\VCRUNTIME140.dll
0x00007ffb23850000 - 0x00007ffb23973000 	C:\Windows\System32\RPCRT4.dll
0x00007ffb22890000 - 0x00007ffb22a27000 	C:\Windows\System32\USER32.dll
0x00007ffb22420000 - 0x00007ffb22440000 	C:\Windows\System32\win32u.dll
0x00007ffb22ac0000 - 0x00007ffb22ae9000 	C:\Windows\System32\GDI32.dll
0x00007ffb22490000 - 0x00007ffb2262a000 	C:\Windows\System32\gdi32full.dll
0x00007ffb11dd0000 - 0x00007ffb12049000 	C:\Windows\WinSxS\amd64_microsoft.windows.common-controls_6595b64144ccf1df_6.0.17763.1_none_f040600eff408c2d\COMCTL32.dll
0x00007ffb22380000 - 0x00007ffb22420000 	C:\Windows\System32\msvcp_win.dll
0x00007ffb22dd0000 - 0x00007ffb230fe000 	C:\Windows\System32\combase.dll
0x00007ffb22120000 - 0x00007ffb2219e000 	C:\Windows\System32\bcryptPrimitives.dll
0x00007ffb15eb0000 - 0x00007ffb15eba000 	C:\Windows\SYSTEM32\VERSION.dll
0x00007ffb25370000 - 0x00007ffb2539e000 	C:\Windows\System32\IMM32.DLL
0x00007ffb1de70000 - 0x00007ffb1de7c000 	C:\Program Files\Java\jdk-16.0.2\bin\vcruntime140_1.dll
0x00007ffb05b70000 - 0x00007ffb05c01000 	C:\Program Files\Java\jdk-16.0.2\bin\msvcp140.dll
0x00007ffb032c0000 - 0x00007ffb03e6b000 	C:\Program Files\Java\jdk-16.0.2\bin\server\jvm.dll
0x00007ffb253a0000 - 0x00007ffb253a8000 	C:\Windows\System32\PSAPI.DLL
0x00007ffb1ef20000 - 0x00007ffb1ef44000 	C:\Windows\SYSTEM32\WINMM.dll
0x00007ffb1f170000 - 0x00007ffb1f179000 	C:\Windows\SYSTEM32\WSOCK32.dll
0x00007ffb23ba0000 - 0x00007ffb23c0d000 	C:\Windows\System32\WS2_32.dll
0x00007ffb1e8f0000 - 0x00007ffb1e91d000 	C:\Windows\SYSTEM32\winmmbase.dll
0x00007ffb22440000 - 0x00007ffb2248a000 	C:\Windows\System32\cfgmgr32.dll
0x00007ffb21400000 - 0x00007ffb21411000 	C:\Windows\System32\kernel.appcore.dll
0x00007ffb1de60000 - 0x00007ffb1de6a000 	C:\Program Files\Java\jdk-16.0.2\bin\jimage.dll
0x00007ffb13950000 - 0x00007ffb13b3d000 	C:\Windows\SYSTEM32\DBGHELP.DLL
0x00007ffb136b0000 - 0x00007ffb136da000 	C:\Windows\SYSTEM32\dbgcore.DLL
0x00007ffb15230000 - 0x00007ffb15255000 	C:\Program Files\Java\jdk-16.0.2\bin\java.dll
0x00007ffb23d80000 - 0x00007ffb2526f000 	C:\Windows\System32\SHELL32.dll
0x00007ffb22630000 - 0x00007ffb226d8000 	C:\Windows\System32\shcore.dll
0x00007ffb219d0000 - 0x00007ffb22118000 	C:\Windows\System32\windows.storage.dll
0x00007ffb214a0000 - 0x00007ffb214c4000 	C:\Windows\System32\profapi.dll
0x00007ffb21440000 - 0x00007ffb2149d000 	C:\Windows\System32\powrprof.dll
0x00007ffb22cf0000 - 0x00007ffb22d42000 	C:\Windows\System32\shlwapi.dll
0x00007ffb21600000 - 0x00007ffb21617000 	C:\Windows\System32\cryptsp.dll

dbghelp: loaded successfully - version: 4.0.5 - missing functions: none
symbol engine: initialized successfully - sym options: 0x614 - pdb path: .;C:\Program Files\Java\jdk-16.0.2\bin;C:\Windows\SYSTEM32;C:\Windows\WinSxS\amd64_microsoft.windows.common-controls_6595b64144ccf1df_6.0.17763.1_none_f040600eff408c2d;C:\Program Files\Java\jdk-16.0.2\bin\server

VM Arguments:
java_command: ventana.VentanaIniciarSesion
java_class_path (initial): C:\Users\alejandro\Desktop\Proyecto POO\ProyectoAplicacion\target\classes
Launcher Type: SUN_STANDARD

[Global flags]
     intx CICompilerCount                          = 3                                         {product} {ergonomic}
     uint ConcGCThreads                            = 1                                         {product} {ergonomic}
     uint G1ConcRefinementThreads                  = 4                                         {product} {ergonomic}
   size_t G1HeapRegionSize                         = 1048576                                   {product} {ergonomic}
    uintx GCDrainStackTargetSize                   = 64                                        {product} {ergonomic}
   size_t InitialHeapSize                          = 67108864                                  {product} {ergonomic}
   size_t MarkStackSize                            = 4194304                                   {product} {ergonomic}
   size_t MaxHeapSize                              = 1046478848                                {product} {ergonomic}
   size_t MaxNewSize                               = 627048448                                 {product} {ergonomic}
   size_t MinHeapDeltaBytes                        = 1048576                                   {product} {ergonomic}
   size_t MinHeapSize                              = 8388608                                   {product} {ergonomic}
    uintx NonNMethodCodeHeapSize                   = 5832780                                {pd product} {ergonomic}
    uintx NonProfiledCodeHeapSize                  = 122912730                              {pd product} {ergonomic}
    uintx ProfiledCodeHeapSize                     = 122912730                              {pd product} {ergonomic}
    uintx ReservedCodeCacheSize                    = 251658240                              {pd product} {ergonomic}
     bool SegmentedCodeCache                       = true                                      {product} {ergonomic}
   size_t SoftMaxHeapSize                          = 1046478848                             {manageable} {ergonomic}
     bool UseCompressedClassPointers               = true                           {product lp64_product} {ergonomic}
     bool UseCompressedOops                        = true                           {product lp64_product} {ergonomic}
     bool UseG1GC                                  = true                                      {product} {ergonomic}
     bool UseLargePagesIndividualAllocation        = false                                  {pd product} {ergonomic}

Logging:
Log output configuration:
 #0: stdout all=warning uptime,level,tags
 #1: stderr all=off uptime,level,tags

Environment Variables:
JAVA_HOME=C:\Program Files\Java\jdk-16.0.2
PATH=C:\Program Files\Python39\Scripts\;C:\Program Files\Python39\;C:\Program Files\Common Files\Oracle\Java\javapath;C:\Windows\system32;C:\Windows;C:\Windows\System32\Wbem;C:\Windows\System32\WindowsPowerShell\v1.0\;C:\Windows\System32\OpenSSH\;C:\Program Files\Git\cmd;C:\Users\alejandro\AppData\Local\Microsoft\WindowsApps;C:\Program Files\MongoDB\Server\5.0\bin;C:\Users\alejandro\AppData\Local\Programs\Microsoft VS Code\bin;C:\Users\alejandro\AppData\Local\GitHubDesktop\bin
USERNAME=alejandro
OS=Windows_NT
PROCESSOR_IDENTIFIER=Intel64 Family 6 Model 58 Stepping 9, GenuineIntel



---------------  S Y S T E M  ---------------

OS:
 Windows 10 , 64 bit Build 17763 (10.0.17763.1)
OS uptime: 0 days 2:18 hours

CPU: total 4 (initial active 4) (4 cores per cpu, 1 threads per core) family 6 model 58 stepping 9 microcode 0x1f, cx8, cmov, fxsr, mmx, sse, sse2, sse3, ssse3, sse4.1, sse4.2, popcnt, tsc, tscinvbit, avx, aes, erms, clmul, vzeroupper, clflush

Memory: 4k page, system-wide physical 3991M (449M free)
TotalPageFile size 3991M (AvailPageFile size 2M)
current process WorkingSet (physical memory assigned to process): 20M, peak: 20M
current process commit charge ("private bytes"): 124M, peak: 130M

vm_info: Java HotSpot(TM) 64-Bit Server VM (16.0.2+7-67) for windows-amd64 JRE (16.0.2+7-67), built on Jun  8 2021 23:24:19 by "mach5one" with MS VC++ 16.7 (VS2019)

END.
